#
# A fatal error has been detected by the Java Runtime Environment:
#
#  Internal Error (jvmciRuntime.cpp:1609), pid=31, tid=46
#  fatal error: Fatal exception in JVMCI: Error calling jdk.vm.ci.services.Services.serializeSavedProperties
#
# JRE version: OpenJDK Runtime Environment GraalVM CE 22.3.0 (17.0.5+8) (build 17.0.5+8-jvmci-22.3-b08)
# Java VM: OpenJDK 64-Bit Server VM GraalVM CE 22.3.0 (17.0.5+8-jvmci-22.3-b08, mixed mode, sharing, tiered, jvmci, jvmci compiler, compressed oops, compressed class ptrs, parallel gc, linux-amd64)
# Problematic frame:
# V  [libjvm.so+0x972714]  JVMCIRuntime::fatal_exception(JVMCIEnv*, char const*)+0x74
#
# Core dump will be written. Default location: Core dumps may be processed with "/usr/share/apport/apport -p%p -s%s -c%c -d%d -P%P -u%u -g%g -- %E" (or dumping to /home/runner/testquestions/core.31)
#
# If you would like to submit a bug report, please visit:
#   https://github.com/oracle/graal/issues
#

---------------  S U M M A R Y ------------

Command Line: -XX:ThreadPriorityPolicy=1 -XX:+UnlockExperimentalVMOptions -XX:+EnableJVMCIProduct -XX:JVMCIThreadsPerNativeLibraryRuntime=1 -XX:-UnlockExperimentalVMOptions -Declipse.application=org.eclipse.jdt.ls.core.id1 -Dosgi.bundles.defaultStartLevel=4 -Declipse.product=org.eclipse.jdt.ls.core.product -Dlog.level=ALL -Xverify:none -XX:+UseParallelGC -XX:GCTimeRatio=4 -XX:AdaptiveSizePolicyWeight=90 -Dsun.zip.disableMemoryMapping=true -Xmx512m -Xms100m /nix/store/m6gcpi1ii6rghy04cjwjddcavv7i90df-jdt-language-server-1.9.0/share/java/plugins/org.eclipse.equinox.launcher_1.6.400.v20210924-0641.jar --add-modules=ALL-SYSTEM --add-opens java.base/java.util=ALL-UNNAMED --add-opens java.base/java.lang=ALL-UNNAMED -configuration /home/runner/.cache/jdt-language-server/config -data /home/runner/.cache/jdt-language-server/data/home/runner/testquestions

Host: AMD EPYC 7B12, 8 cores, 1G, Ubuntu 20.04.2 LTS
Time: Tue Apr 25 05:13:13 2023 UTC elapsed time: 629.780308 seconds (0d 0h 10m 29s)

---------------  T H R E A D  ---------------

Current thread (0x00007fa1d40b21e0):  JavaThread "JVMCI-native CompilerThread0" daemon [_thread_in_vm, id=46, stack(0x00007fa1bb2b3000,0x00007fa1bb4b3000)]


Current CompileTask:
JVMCI-native: 629780 8815       4       com.google.gson.internal.bind.TypeAdapters$15::read (38 bytes)

Stack: [0x00007fa1bb2b3000,0x00007fa1bb4b3000],  sp=0x00007fa1bb4b1380,  free space=2040k
Native frames: (J=compiled Java code, j=interpreted, Vv=VM code, C=native code)
V  [libjvm.so+0x972714]  JVMCIRuntime::fatal_exception(JVMCIEnv*, char const*)+0x74
V  [libjvm.so+0x93e2fe]  JVMCIEnv::copy_saved_properties()+0x14e
V  [libjvm.so+0x9732a9]  JVMCIRuntime::initialize(JVMCIEnv*)+0xb19
V  [libjvm.so+0x9738a2]  JVMCIRuntime::get_HotSpotJVMCIRuntime(JVMCIEnv*)+0x12
V  [libjvm.so+0x9749f2]  JVMCIRuntime::compile_method(JVMCIEnv*, JVMCICompiler*, methodHandle const&, int)+0xd2
V  [libjvm.so+0x5b0d20]  CompileBroker::invoke_compiler_on_method(CompileTask*)+0x1470
V  [libjvm.so+0x5b12e8]  CompileBroker::compiler_thread_loop()+0x528
V  [libjvm.so+0xd82460]  JavaThread::thread_main_inner()+0xd0
V  [libjvm.so+0xd85a40]  Thread::call_run()+0xc0
V  [libjvm.so+0xbdb1e1]  thread_native_entry(Thread*)+0xe1

Register to memory mapping:

RAX=0x00007fa1dafce000 points into unknown readable memory: 0x0000000000000058 | 58 00 00 00 00 00 00 00
RBX=0x00007fa1dc0c9398: <offset 0x0000000000ef5398> in /nix/store/gpxl5qgg8kicmcvivwmybwjlpf7wh20l-graalvm17-ce-22.3.0/lib/server/libjvm.so at 0x00007fa1db1d4000
RCX=0x00007fa1dc0811e8: <offset 0x0000000000ead1e8> in /nix/store/gpxl5qgg8kicmcvivwmybwjlpf7wh20l-graalvm17-ce-22.3.0/lib/server/libjvm.so at 0x00007fa1db1d4000
RDX=0x0000000000000649 is an unknown value
RSP=0x00007fa1bb4b1380 is pointing into the stack for thread: 0x00007fa1d40b21e0
RBP=0x00007fa1bb4b13a0 is pointing into the stack for thread: 0x00007fa1d40b21e0
RSI=0x00007fa1dc0c9c48: <offset 0x0000000000ef5c48> in /nix/store/gpxl5qgg8kicmcvivwmybwjlpf7wh20l-graalvm17-ce-22.3.0/lib/server/libjvm.so at 0x00007fa1db1d4000
RDI=0x00000000e0000000 is an oop: java.lang.String 
{0x00000000e0000000} - klass: 'java/lang/String'
 - string: "resolution"
R8 =0x00007fa1dc0c9398: <offset 0x0000000000ef5398> in /nix/store/gpxl5qgg8kicmcvivwmybwjlpf7wh20l-graalvm17-ce-22.3.0/lib/server/libjvm.so at 0x00007fa1db1d4000
R9 =0x00007fa1bb4b1330 is pointing into the stack for thread: 0x00007fa1d40b21e0
R10=0x00007fa1bb4b2948 is pointing into the stack for thread: 0x00007fa1d40b21e0
R11=0x0000000000000293 is an unknown value
R12=0x0 is NULL
R13=0x00007fa1d40b21e0 is a thread
R14=0x00007fa1d4000b80 points into unknown readable memory: 0x00007fa1dc2faa38 | 38 aa 2f dc a1 7f 00 00
R15=0x00007fa1dc408e40: <offset 0x0000000001234e40> in /nix/store/gpxl5qgg8kicmcvivwmybwjlpf7wh20l-graalvm17-ce-22.3.0/lib/server/libjvm.so at 0x00007fa1db1d4000


Registers:
RAX=0x00007fa1dafce000, RBX=0x00007fa1dc0c9398, RCX=0x00007fa1dc0811e8, RDX=0x0000000000000649
RSP=0x00007fa1bb4b1380, RBP=0x00007fa1bb4b13a0, RSI=0x00007fa1dc0c9c48, RDI=0x00000000e0000000
R8 =0x00007fa1dc0c9398, R9 =0x00007fa1bb4b1330, R10=0x00007fa1bb4b2948, R11=0x0000000000000293
R12=0x0000000000000000, R13=0x00007fa1d40b21e0, R14=0x00007fa1d4000b80, R15=0x00007fa1dc408e40
RIP=0x00007fa1dbb46714, EFLAGS=0x0000000000010206, CSGSFS=0x002b000000000033, ERR=0x0000000000000006
  TRAPNO=0x000000000000000e

Top of Stack: (sp=0x00007fa1bb4b1380)
0x00007fa1bb4b1380:   00007fa1bb4b1940 00007fa1d40b21e0
0x00007fa1bb4b1390:   00007fa1d995f8c8 0000000800c417a0
0x00007fa1bb4b13a0:   00007fa1bb4b1500 00007fa1dbb122fe
0x00007fa1bb4b13b0:   00007fa1bb4b13e0 00007fa1bb4b1440 

Instructions: (pc=0x00007fa1dbb46714)
0x00007fa1dbb46614:   30 e8 f6 cf e8 ff 4c 89 e7 e8 2e 48 d1 ff 84 db
0x00007fa1dbb46624:   75 2a 4d 85 ed 74 04 4d 8b 6d 00 48 83 c4 08 44
0x00007fa1dbb46634:   89 f9 4c 89 f2 4c 89 ee 5b 4c 89 e7 41 5c 41 5d
0x00007fa1dbb46644:   41 5e 41 5f 5d e9 e2 47 d1 ff 66 90 48 83 c4 08
0x00007fa1dbb46654:   5b 41 5c 41 5d 41 5e 41 5f 5d c3 90 31 d2 be 08
0x00007fa1dbb46664:   00 00 00 4c 89 ff e8 b1 78 a3 ff 49 89 c5 e9 37
0x00007fa1dbb46674:   ff ff ff 66 0f 1f 84 00 00 00 00 00 48 8b 7a 08
0x00007fa1dbb46684:   e9 6d ff ff ff 0f 1f 80 00 00 00 00 e8 5b 48 0a
0x00007fa1dbb46694:   00 84 c0 75 89 e9 6a ff ff ff 66 90 55 48 89 e5
0x00007fa1dbb466a4:   41 56 41 55 41 54 49 89 fc 53 48 89 f3 66 48 8d
0x00007fa1dbb466b4:   3d 27 5e 85 00 66 66 48 e8 df 43 8d ff 4c 8b 28
0x00007fa1dbb466c4:   8b 05 be 72 8a 00 85 c0 75 14 ba 01 00 00 00 48
0x00007fa1dbb466d4:   8d 0d ae 72 8a 00 f0 0f b1 11 85 c0 74 4e be c8
0x00007fa1dbb466e4:   00 00 00 4c 89 ef e8 01 0b 41 00 48 8d 05 12 ac
0x00007fa1dbb466f4:   85 00 49 89 d8 48 8d 0d e8 aa 53 00 ba 49 06 00
0x00007fa1dbb46704:   00 48 8d 35 3c 35 58 00 bf 00 00 00 e0 48 8b 00
0x00007fa1dbb46714:   c6 00 58 31 c0 e8 e2 91 c6 ff 5b 41 5c 41 5d 41
0x00007fa1dbb46724:   5e 5d e9 55 34 26 00 0f 1f 44 00 00 48 8d 05 81
0x00007fa1dbb46734:   a3 8b 00 48 89 df 4c 8b 30 e8 9e 43 8d ff 48 89
0x00007fa1dbb46744:   de 48 89 c2 49 8b 06 4c 89 f7 ff 50 08 4c 89 f7
0x00007fa1dbb46754:   e8 a7 5c 27 00 4d 85 e4 74 12 be 01 00 00 00 4c
0x00007fa1dbb46764:   89 e7 e8 35 43 fc ff eb 82 0f 1f 00 be 01 00 00
0x00007fa1dbb46774:   00 4c 89 ef e8 d3 fd ff ff e9 6d ff ff ff 66 66
0x00007fa1dbb46784:   2e 0f 1f 84 00 00 00 00 00 0f 1f 00 55 48 89 e5
0x00007fa1dbb46794:   41 57 41 56 41 55 41 54 53 48 81 ec 08 02 00 00
0x00007fa1dbb467a4:   64 48 8b 04 25 28 00 00 00 48 89 45 c8 8b 07 83
0x00007fa1dbb467b4:   f8 02 0f 84 11 04 00 00 4c 8b 6f 18 49 89 ff 49
0x00007fa1dbb467c4:   89 f4 4d 85 ed 74 14 4c 89 ef e8 5d 57 22 00 41
0x00007fa1dbb467d4:   8b 07 83 f8 02 0f 84 19 04 00 00 48 8d 1d 9a 06
0x00007fa1dbb467e4:   8a 00 4c 8d 35 0b 3c 58 00 eb 38 90 48 85 d2 7f
0x00007fa1dbb467f4:   0d 48 8d 05 b4 c0 85 00 48 83 38 00 7e 0e 41 8b
0x00007fa1dbb46804:   77 2c 4c 89 f7 31 c0 e8 a0 b2 f7 ff 49 8b 7f 18 


Stack slot to memory mapping:
stack at sp + 0 slots: 0x00007fa1bb4b1940 is pointing into the stack for thread: 0x00007fa1d40b21e0
stack at sp + 1 slots: 0x00007fa1d40b21e0 is a thread
stack at sp + 2 slots: 0x00007fa1d995f8c8 points into unknown readable memory: 0x6573001880c9ffff | ff ff c9 80 18 00 73 65
stack at sp + 3 slots: 0x0000000800c417a0 is a pointer to class: 
jdk.vm.ci.services.Services {0x0000000800c417a0}
 - instance size:     2
 - klass size:        65
 - access:            public final synchronized 
 - state:             fully_initialized
 - name:              'jdk/vm/ci/services/Services'
 - super:             'java/lang/Object'
 - sub:               
 - arrays:            NULL
 - methods:           Array<T>(0x00007fa1d88411b8)
 - method ordering:   Array<T>(0x0000000800928960)
 - default_methods:   Array<T>(0x0000000000000000)
 - local interfaces:  Array<T>(0x00000008005ce810)
 - trans. interfaces: Array<T>(0x00000008005ce810)
 - constants:         constant pool [427] {0x00007fa1d8840298} for 'jdk/vm/ci/services/Services' cache=0x00007fa1d8842488
 - class loader data:  loader data: 0x00007fa1d40283f0 of 'bootstrap'
 - source file:       'Services.java'
 - class annotations:       Array<T>(0x0000000000000000)
 - class type annotations:  Array<T>(0x0000000000000000)
 - field annotations:       Array<T>(0x0000000000000000)
 - field type annotations:  Array<T>(0x0000000000000000)
 - inner classes:     Array<T>(0x00007fa1d8842458)
 - nest members:     Array<T>(0x00007fa1d8842478)
 - permitted subclasses:     Array<T>(0x00000008005ce7a0)
 - java mirror:       a 'java/lang/Class'{0x00000000e0145e28} = 'jdk/vm/ci/services/Services'
 - vtable length      5  (start addr: 0x0000000800c41970)
 - itable length      2 (start addr: 0x0000000800c41998)
 - ---- static fields (3 words):
 - public static final 'IS_BUILDING_NATIVE_IMAGE' 'Z' @128 
 - public static final 'IS_IN_NATIVE_IMAGE' 'Z' @129 
 - private static volatile 'savedProperties' 'Ljava/util/Map;' @112 
 - static final 'JVMCI_ENABLED' 'Z' @130 
 - private static final 'servicesCache' 'Ljava/util/Map;' @116 
 - private static final 'MAX_UNICODE_IN_UTF8_LENGTH' 'I' @120 
 - private static final 'MAX_UTF8_PROPERTY_STRING_LENGTH' 'I' @124 
 - ---- non-static fields (0 words):
 - non-static oop maps: 
stack at sp + 4 slots: 0x00007fa1bb4b1500 is pointing into the stack for thread: 0x00007fa1d40b21e0
stack at sp + 5 slots: 0x00007fa1dbb122fe: <offset 0x000000000093e2fe> in /nix/store/gpxl5qgg8kicmcvivwmybwjlpf7wh20l-graalvm17-ce-22.3.0/lib/server/libjvm.so at 0x00007fa1db1d4000
stack at sp + 6 slots: 0x00007fa1bb4b13e0 is pointing into the stack for thread: 0x00007fa1d40b21e0
stack at sp + 7 slots: 0x00007fa1bb4b1440 is pointing into the stack for thread: 0x00007fa1d40b21e0


---------------  P R O C E S S  ---------------

Threads class SMR info:
_java_thread_list=0x00007fa11c000b70, length=25, elements={
0x00007fa1d4026690, 0x00007fa1d40a64d0, 0x00007fa1d40a7910, 0x00007fa1d40ae050,
0x00007fa1d40af400, 0x00007fa1d40b07f0, 0x00007fa1d40b21e0, 0x00007fa1d40b36f0,
0x00007fa1d40b4b40, 0x00007fa1d40dfad0, 0x00007fa1d41289b0, 0x00007fa1d433b390,
0x00007fa1d436e240, 0x00007fa1d4370bc0, 0x00007fa1d4635860, 0x00007fa16c0170c0,
0x00007fa16c2a99e0, 0x00007fa16c30d590, 0x00007fa16c489980, 0x00007fa16c66d270,
0x00007fa1d449e990, 0x00007fa158001290, 0x00007fa1d4396f70, 0x00007fa154009140,
0x00007fa1344139d0
}

Java Threads: ( => current thread )
  0x00007fa1d4026690 JavaThread "main" [_thread_blocked, id=37, stack(0x00007fa1dafef000,0x00007fa1db0ef000)]
  0x00007fa1d40a64d0 JavaThread "Reference Handler" daemon [_thread_blocked, id=41, stack(0x00007fa1d9006000,0x00007fa1d9106000)]
  0x00007fa1d40a7910 JavaThread "Finalizer" daemon [_thread_blocked, id=42, stack(0x00007fa1d8700000,0x00007fa1d8800000)]
  0x00007fa1d40ae050 JavaThread "Signal Dispatcher" daemon [_thread_blocked, id=43, stack(0x00007fa1d831a000,0x00007fa1d841a000)]
  0x00007fa1d40af400 JavaThread "Service Thread" daemon [_thread_blocked, id=44, stack(0x00007fa1d821a000,0x00007fa1d831a000)]
  0x00007fa1d40b07f0 JavaThread "Monitor Deflation Thread" daemon [_thread_blocked, id=45, stack(0x00007fa1d811a000,0x00007fa1d821a000)]
=>0x00007fa1d40b21e0 JavaThread "JVMCI-native CompilerThread0" daemon [_thread_in_vm, id=46, stack(0x00007fa1bb2b3000,0x00007fa1bb4b3000)]
  0x00007fa1d40b36f0 JavaThread "C1 CompilerThread0" daemon [_thread_blocked, id=47, stack(0x00007fa1bb0b3000,0x00007fa1bb2b3000)]
  0x00007fa1d40b4b40 JavaThread "Sweeper thread" daemon [_thread_blocked, id=48, stack(0x00007fa1d801a000,0x00007fa1d811a000)]
  0x00007fa1d40dfad0 JavaThread "Common-Cleaner" daemon [_thread_blocked, id=49, stack(0x00007fa1bafb3000,0x00007fa1bb0b3000)]
  0x00007fa1d41289b0 JavaThread "Notification Thread" daemon [_thread_blocked, id=50, stack(0x00007fa1baeb3000,0x00007fa1bafb3000)]
  0x00007fa1d433b390 JavaThread "Active Thread: Equinox Container: 959ee9ac-0a5c-4384-ab57-242d70a4c07d" [_thread_blocked, id=64, stack(0x00007fa1b8700000,0x00007fa1b8800000)]
  0x00007fa1d436e240 JavaThread "Framework Event Dispatcher: Equinox Container: 959ee9ac-0a5c-4384-ab57-242d70a4c07d" daemon [_thread_blocked, id=65, stack(0x00007fa1b8500000,0x00007fa1b8600000)]
  0x00007fa1d4370bc0 JavaThread "Start Level: Equinox Container: 959ee9ac-0a5c-4384-ab57-242d70a4c07d" daemon [_thread_blocked, id=66, stack(0x00007fa1b8300000,0x00007fa1b8400000)]
  0x00007fa1d4635860 JavaThread "Refresh Thread: Equinox Container: 959ee9ac-0a5c-4384-ab57-242d70a4c07d" daemon [_thread_blocked, id=67, stack(0x00007fa1b8100000,0x00007fa1b8200000)]
  0x00007fa16c0170c0 JavaThread "SCR Component Actor" daemon [_thread_blocked, id=77, stack(0x00007fa182d00000,0x00007fa182e00000)]
  0x00007fa16c2a99e0 JavaThread "Worker-JM" [_thread_blocked, id=86, stack(0x00007fa182900000,0x00007fa182a00000)]
  0x00007fa16c30d590 JavaThread "Worker-0: Java indexing... " [_thread_blocked, id=88, stack(0x00007fa182700000,0x00007fa182800000)]
  0x00007fa16c489980 JavaThread "Java indexing" daemon [_thread_blocked, id=90, stack(0x00007fa182300000,0x00007fa182400000)]
  0x00007fa16c66d270 JavaThread "Bundle File Closer" daemon [_thread_blocked, id=91, stack(0x00007fa182100000,0x00007fa182200000)]
  0x00007fa1d449e990 JavaThread "pool-3-thread-1" [_thread_blocked, id=99, stack(0x00007fa181f00000,0x00007fa182000000)]
  0x00007fa158001290 JavaThread "Worker-2" [_thread_blocked, id=101, stack(0x00007fa181d00000,0x00007fa181e00000)]
  0x00007fa1d4396f70 JavaThread "pool-2-thread-1" [_thread_blocked, id=102, stack(0x00007fa181b00000,0x00007fa181c00000)]
  0x00007fa154009140 JavaThread "Worker-3" [_thread_blocked, id=103, stack(0x00007fa181900000,0x00007fa181a00000)]
  0x00007fa1344139d0 JavaThread "Okio Watchdog" daemon [_thread_blocked, id=187, stack(0x00007fa181800000,0x00007fa181900000)]

Other Threads:
  0x00007fa1d40a1c10 VMThread "VM Thread" [stack: 0x00007fa1d9108000,0x00007fa1d9208000] [id=40] _threads_hazard_ptr=0x00007fa11c000b70
  0x00007fa1d412a350 WatcherThread [stack: 0x00007fa1badb3000,0x00007fa1baeb3000] [id=51]
  0x00007fa1d403df30 GCTaskThread "GC Thread#0" [stack: 0x00007fa1dabb2000,0x00007fa1dacb2000] [id=38]

Threads with active compile tasks:
JVMCI-native CompilerThread0   629852 8815       4       com.google.gson.internal.bind.TypeAdapters$15::read (38 bytes)

VM state: synchronizing (normal execution)

VM Mutex/Monitor currently owned by a thread:  ([mutex/lock_event])
[0x00007fa1d4023840] Threads_lock - owner thread: 0x00007fa1d40a1c10
[0x00007fa1d4023ff0] Heap_lock - owner thread: 0x00007fa16c30d590

OutOfMemory and StackOverflow Exception counts:
OutOfMemoryError java_heap_errors=5
LinkageErrors=77

Heap address: 0x00000000e0000000, size: 512 MB, Compressed Oops mode: 32-bit

CDS archive(s) mapped at: [0x0000000800000000-0x0000000800bc8000-0x0000000800bc8000), size 12353536, SharedBaseAddress: 0x0000000800000000, ArchiveRelocationMode: 0.
Compressed class space mapped at: 0x0000000800c00000-0x0000000840c00000, reserved size: 1073741824
Narrow klass base: 0x0000000800000000, Narrow klass shift: 0, Narrow klass range: 0x100000000

GC Precious Log:
 CPUs: 8 total, 1 available
 Memory: 1024M
 Large Page Support: Disabled
 NUMA Support: Disabled
 Compressed Oops: Enabled (32-bit)
 Alignments: Space 512K, Generation 512K, Heap 2M
 Heap Min Capacity: 100M
 Heap Initial Capacity: 100M
 Heap Max Capacity: 512M
 Pre-touch: Disabled
 Parallel Workers: 1

Heap:
 PSYoungGen      total 38912K, used 30720K [0x00000000f5580000, 0x00000000f8a00000, 0x0000000100000000)
  eden space 30720K, 100% used [0x00000000f5580000,0x00000000f7380000,0x00000000f7380000)
  from space 8192K, 0% used [0x00000000f8200000,0x00000000f8200000,0x00000000f8a00000)
  to   space 11264K, 0% used [0x00000000f7380000,0x00000000f7380000,0x00000000f7e80000)
 ParOldGen       total 349696K, used 349695K [0x00000000e0000000, 0x00000000f5580000, 0x00000000f5580000)
  object space 349696K, 99% used [0x00000000e0000000,0x00000000f557fff0,0x00000000f5580000)
 Metaspace       used 59479K, committed 60672K, reserved 1105920K
  class space    used 5923K, committed 6400K, reserved 1048576K

Card table byte_map: [0x00007fa1dacb2000,0x00007fa1dadb3000] _byte_map_base: 0x00007fa1da5b2000

Marking Bits: (ParMarkBitMap*) 0x00007fa1dc4024c0
 Begin Bits: [0x00007fa1d9b05000, 0x00007fa1da305000)
 End Bits:   [0x00007fa1da305000, 0x00007fa1dab05000)

Polling page: 0x00007fa1dafcc000

Metaspace:

Usage:
  Non-class:     52.30 MB used.
      Class:      5.78 MB used.
       Both:     58.08 MB used.

Virtual space:
  Non-class space:       56.00 MB reserved,      53.00 MB ( 95%) committed,  7 nodes.
      Class space:        1.00 GB reserved,       6.25 MB ( <1%) committed,  1 nodes.
             Both:        1.05 GB reserved,      59.25 MB (  5%) committed. 

Chunk freelists:
   Non-Class:  2.82 MB
       Class:  1.76 MB
        Both:  4.58 MB

MaxMetaspaceSize: unlimited
CompressedClassSpaceSize: 1.00 GB
Initial GC threshold: 21.00 MB
Current GC threshold: 98.75 MB
CDS: on
MetaspaceReclaimPolicy: balanced
 - commit_granule_bytes: 65536.
 - commit_granule_words: 8192.
 - virtual_space_node_default_size: 1048576.
 - enlarge_chunks_in_place: 1.
 - new_chunks_are_fully_committed: 0.
 - uncommit_free_chunks: 1.
 - use_allocation_guard: 0.
 - handle_deallocations: 1.


Internal statistics:

num_allocs_failed_limit: 6.
num_arena_births: 516.
num_arena_deaths: 148.
num_vsnodes_births: 8.
num_vsnodes_deaths: 0.
num_space_committed: 947.
num_space_uncommitted: 0.
num_chunks_returned_to_freelist: 210.
num_chunks_taken_from_freelist: 2903.
num_chunk_merges: 83.
num_chunk_splits: 1866.
num_chunks_enlarged: 1136.
num_purges: 14.
num_inconsistent_stats: 0.

CodeHeap 'non-profiled nmethods': size=120036Kb used=2517Kb max_used=2517Kb free=117518Kb
 bounds [0x00007fa1c2f7a000, 0x00007fa1c31fa000, 0x00007fa1ca4b3000]
CodeHeap 'profiled nmethods': size=120032Kb used=13984Kb max_used=16432Kb free=106047Kb
 bounds [0x00007fa1bba42000, 0x00007fa1bca52000, 0x00007fa1c2f7a000]
CodeHeap 'non-nmethods': size=5692Kb used=1385Kb max_used=1403Kb free=4306Kb
 bounds [0x00007fa1bb4b3000, 0x00007fa1bb723000, 0x00007fa1bba42000]
 total_blobs=7537 nmethods=6814 adapters=632
 compilation: enabled
              stopped_count=0, restarted_count=0
 full_count=0

JVMCI Events (20 events):
Event: 65.356 Thread 0x00007fa1d40b21e0 releasing handles for JVMCI runtime 0: oop handles=103, metadata handles={total=992, live=422, blocks=31}
Event: 65.356 Thread 0x00007fa1d40b21e0 detached from JVMCI runtime 0
Event: 464.582 Thread 0x00007fa1d40b21e0 attached to JVMCI runtime 0
Event: 464.584 Thread 0x00007fa1d40b21e0 created JavaVM[2]@0x00007fa16969e340 for JVMCI runtime 0
Event: 465.700 Thread 0x00007fa1d40b21e0 initializing JVMCI runtime 0
Event: 465.700 Thread 0x00007fa1d40b21e0 done waiting for JavaVM references initialization in JVMCI runtime 0
Event: 505.869 Thread 0x00007fa1d40b21e0 initialized JVMCI runtime 0
Event: 521.379 Thread 0x00007fa1d40b21e0 compacted oop handles in JVMCI runtime 0 from 75 to 73
Event: 537.116 Thread 0x00007fa1d40b21e0 detaching from JVMCI runtime 0: releasing idle compiler thread (0 other threads still attached)
Event: 537.116 Thread 0x00007fa1d40b21e0 shutting down HotSpotJVMCIRuntime for JVMCI runtime 0
Event: 537.116 Thread 0x00007fa1d40b21e0 compacted oop handles in JVMCI runtime 0 from 76 to 40
Event: 537.116 Thread 0x00007fa1d40b21e0 shut down JVMCI runtime 0
Event: 537.120 Thread 0x00007fa1d40b21e0 destroyed JavaVM[2]@0x00007fa16969e340 for JVMCI runtime 0
Event: 537.120 Thread 0x00007fa1d40b21e0 compacted oop handles in JVMCI runtime 0 from 40 to 40
Event: 537.120 Thread 0x00007fa1d40b21e0 releasing handles for JVMCI runtime 0: oop handles=40, metadata handles={total=160, live=148, blocks=31}
Event: 537.120 Thread 0x00007fa1d40b21e0 detached from JVMCI runtime 0
Event: 607.600 Thread 0x00007fa1d40b21e0 attached to JVMCI runtime 0
Event: 607.601 Thread 0x00007fa1d40b21e0 created JavaVM[3]@0x00007fa16969e340 for JVMCI runtime 0
Event: 607.601 Thread 0x00007fa1d40b21e0 initializing JVMCI runtime 0
Event: 607.601 Thread 0x00007fa1d40b21e0 done waiting for JavaVM references initialization in JVMCI runtime 0

Compilation events (20 events):
Event: 508.401 Thread 0x00007fa1d40b21e0 nmethod 8807 0x00007fa1c31eb210 code [0x00007fa1c31eb380, 0x00007fa1c31eb468]
Event: 508.401 Thread 0x00007fa1d40b21e0 8809 %     4       java.io.DataOutputStream::writeUTF @ 10 (411 bytes)
Event: 521.379 Thread 0x00007fa1d40b21e0 nmethod 8809% 0x00007fa1c31eb590 code [0x00007fa1c31eb860, 0x00007fa1c31ece98]
Event: 521.379 Thread 0x00007fa1d40b21e0 8811       4       java.lang.AbstractStringBuilder::appendChars (207 bytes)
Event: 521.383 Thread 0x00007fa1d40b21e0 nmethod 8811 0x00007fa1c31edb10 code [0x00007fa1c31edca0, 0x00007fa1c31ede58]
Event: 521.383 Thread 0x00007fa1d40b21e0 8812       4       java.lang.AbstractStringBuilder::append (63 bytes)
Event: 535.676 Thread 0x00007fa1d40b21e0 nmethod 8812 0x00007fa1c31ee010 code [0x00007fa1c31ee1a0, 0x00007fa1c31ee708]
Event: 559.863 Thread 0x00007fa1d40b36f0 8813       1       org.eclipse.osgi.internal.framework.EquinoxContainer::getStorage (5 bytes)
Event: 559.863 Thread 0x00007fa1d40b36f0 nmethod 8813 0x00007fa1c31ee990 code [0x00007fa1c31eeb20, 0x00007fa1c31eebf0]
Event: 585.785 Thread 0x00007fa1d40b36f0 8814       3       java.lang.StringBuffer::append (6 bytes)
Event: 585.786 Thread 0x00007fa1d40b36f0 nmethod 8814 0x00007fa1bba89010 code [0x00007fa1bba891c0, 0x00007fa1bba89440]
Event: 607.600 Thread 0x00007fa1d40b21e0 8815       4       com.google.gson.internal.bind.TypeAdapters$15::read (38 bytes)
Event: 609.155 Thread 0x00007fa1d40b36f0 8816       3       com.google.gson.internal.bind.ReflectiveTypeAdapterFactory$1::read (30 bytes)
Event: 610.459 Thread 0x00007fa1d40b36f0 nmethod 8816 0x00007fa1bbd5f690 code [0x00007fa1bbd5f880, 0x00007fa1bbd5ffa0]
Event: 614.465 Thread 0x00007fa1d40b36f0 8817       1       org.eclipse.core.runtime.Status::getPlugin (5 bytes)
Event: 614.466 Thread 0x00007fa1d40b36f0 nmethod 8817 0x00007fa1c31eec90 code [0x00007fa1c31eee20, 0x00007fa1c31eeef0]
Event: 614.466 Thread 0x00007fa1d40b36f0 8818       1       org.eclipse.osgi.internal.log.ExtendedLogServiceImpl::getBundle (5 bytes)
Event: 614.466 Thread 0x00007fa1d40b36f0 nmethod 8818 0x00007fa1c31eef90 code [0x00007fa1c31ef120, 0x00007fa1c31ef1f0]
Event: 614.466 Thread 0x00007fa1d40b36f0 8819       1       org.eclipse.osgi.internal.log.ExtendedLogServiceFactory::captureLogEntryLocation (5 bytes)
Event: 614.466 Thread 0x00007fa1d40b36f0 nmethod 8819 0x00007fa1c31ef290 code [0x00007fa1c31ef420, 0x00007fa1c31ef4f0]

GC Heap History (20 events):
Event: 617.087 GC heap before
{Heap before GC invocations=516 (full 418):
 PSYoungGen      total 38912K, used 30720K [0x00000000f5580000, 0x00000000f8a00000, 0x0000000100000000)
  eden space 30720K, 100% used [0x00000000f5580000,0x00000000f7380000,0x00000000f7380000)
  from space 8192K, 0% used [0x00000000f8200000,0x00000000f8200000,0x00000000f8a00000)
  to   space 11264K, 0% used [0x00000000f7380000,0x00000000f7380000,0x00000000f7e80000)
 ParOldGen       total 349696K, used 349695K [0x00000000e0000000, 0x00000000f5580000, 0x00000000f5580000)
  object space 349696K, 99% used [0x00000000e0000000,0x00000000f557ffc8,0x00000000f5580000)
 Metaspace       used 59478K, committed 60672K, reserved 1105920K
  class space    used 5923K, committed 6400K, reserved 1048576K
}
Event: 618.395 GC heap after
{Heap after GC invocations=516 (full 418):
 PSYoungGen      total 41984K, used 30719K [0x00000000f5580000, 0x00000000f8a00000, 0x0000000100000000)
  eden space 30720K, 99% used [0x00000000f5580000,0x00000000f737fff0,0x00000000f7380000)
  from space 11264K, 0% used [0x00000000f7380000,0x00000000f7380000,0x00000000f7e80000)
  to   space 8192K, 0% used [0x00000000f8200000,0x00000000f8200000,0x00000000f8a00000)
 ParOldGen       total 349696K, used 349695K [0x00000000e0000000, 0x00000000f5580000, 0x00000000f5580000)
  object space 349696K, 99% used [0x00000000e0000000,0x00000000f557ffc8,0x00000000f5580000)
 Metaspace       used 59478K, committed 60672K, reserved 1105920K
  class space    used 5923K, committed 6400K, reserved 1048576K
}
Event: 618.395 GC heap before
{Heap before GC invocations=517 (full 419):
 PSYoungGen      total 41984K, used 30720K [0x00000000f5580000, 0x00000000f8a00000, 0x0000000100000000)
  eden space 30720K, 100% used [0x00000000f5580000,0x00000000f7380000,0x00000000f7380000)
  from space 11264K, 0% used [0x00000000f7380000,0x00000000f7380000,0x00000000f7e80000)
  to   space 8192K, 0% used [0x00000000f8200000,0x00000000f8200000,0x00000000f8a00000)
 ParOldGen       total 349696K, used 349695K [0x00000000e0000000, 0x00000000f5580000, 0x00000000f5580000)
  object space 349696K, 99% used [0x00000000e0000000,0x00000000f557fff8,0x00000000f5580000)
 Metaspace       used 59478K, committed 60672K, reserved 1105920K
  class space    used 5923K, committed 6400K, reserved 1048576K
}
Event: 619.673 GC heap after
{Heap after GC invocations=517 (full 419):
 PSYoungGen      total 38912K, used 30719K [0x00000000f5580000, 0x00000000f8a00000, 0x0000000100000000)
  eden space 30720K, 99% used [0x00000000f5580000,0x00000000f737fff0,0x00000000f7380000)
  from space 8192K, 0% used [0x00000000f8200000,0x00000000f8200000,0x00000000f8a00000)
  to   space 11264K, 0% used [0x00000000f7380000,0x00000000f7380000,0x00000000f7e80000)
 ParOldGen       total 349696K, used 349695K [0x00000000e0000000, 0x00000000f5580000, 0x00000000f5580000)
  object space 349696K, 99% used [0x00000000e0000000,0x00000000f557fff8,0x00000000f5580000)
 Metaspace       used 59478K, committed 60672K, reserved 1105920K
  class space    used 5923K, committed 6400K, reserved 1048576K
}
Event: 619.673 GC heap before
{Heap before GC invocations=518 (full 420):
 PSYoungGen      total 38912K, used 30719K [0x00000000f5580000, 0x00000000f8a00000, 0x0000000100000000)
  eden space 30720K, 99% used [0x00000000f5580000,0x00000000f737fff0,0x00000000f7380000)
  from space 8192K, 0% used [0x00000000f8200000,0x00000000f8200000,0x00000000f8a00000)
  to   space 11264K, 0% used [0x00000000f7380000,0x00000000f7380000,0x00000000f7e80000)
 ParOldGen       total 349696K, used 349695K [0x00000000e0000000, 0x00000000f5580000, 0x00000000f5580000)
  object space 349696K, 99% used [0x00000000e0000000,0x00000000f557fff8,0x00000000f5580000)
 Metaspace       used 59478K, committed 60672K, reserved 1105920K
  class space    used 5923K, committed 6400K, reserved 1048576K
}
Event: 620.854 GC heap after
{Heap after GC invocations=518 (full 420):
 PSYoungGen      total 41984K, used 30719K [0x00000000f5580000, 0x00000000f8a00000, 0x0000000100000000)
  eden space 30720K, 99% used [0x00000000f5580000,0x00000000f737fff0,0x00000000f7380000)
  from space 11264K, 0% used [0x00000000f7380000,0x00000000f7380000,0x00000000f7e80000)
  to   space 8192K, 0% used [0x00000000f8200000,0x00000000f8200000,0x00000000f8a00000)
 ParOldGen       total 349696K, used 349695K [0x00000000e0000000, 0x00000000f5580000, 0x00000000f5580000)
  object space 349696K, 99% used [0x00000000e0000000,0x00000000f557fff8,0x00000000f5580000)
 Metaspace       used 59478K, committed 60672K, reserved 1105920K
  class space    used 5923K, committed 6400K, reserved 1048576K
}
Event: 620.855 GC heap before
{Heap before GC invocations=519 (full 421):
 PSYoungGen      total 41984K, used 30719K [0x00000000f5580000, 0x00000000f8a00000, 0x0000000100000000)
  eden space 30720K, 99% used [0x00000000f5580000,0x00000000f737fff0,0x00000000f7380000)
  from space 11264K, 0% used [0x00000000f7380000,0x00000000f7380000,0x00000000f7e80000)
  to   space 8192K, 0% used [0x00000000f8200000,0x00000000f8200000,0x00000000f8a00000)
 ParOldGen       total 349696K, used 349695K [0x00000000e0000000, 0x00000000f5580000, 0x00000000f5580000)
  object space 349696K, 99% used [0x00000000e0000000,0x00000000f557fff8,0x00000000f5580000)
 Metaspace       used 59478K, committed 60672K, reserved 1105920K
  class space    used 5923K, committed 6400K, reserved 1048576K
}
Event: 622.154 GC heap after
{Heap after GC invocations=519 (full 421):
 PSYoungGen      total 38912K, used 30719K [0x00000000f5580000, 0x00000000f8a00000, 0x0000000100000000)
  eden space 30720K, 99% used [0x00000000f5580000,0x00000000f737ff50,0x00000000f7380000)
  from space 8192K, 0% used [0x00000000f8200000,0x00000000f8200000,0x00000000f8a00000)
  to   space 11264K, 0% used [0x00000000f7380000,0x00000000f7380000,0x00000000f7e80000)
 ParOldGen       total 349696K, used 349693K [0x00000000e0000000, 0x00000000f5580000, 0x00000000f5580000)
  object space 349696K, 99% used [0x00000000e0000000,0x00000000f557f6d8,0x00000000f5580000)
 Metaspace       used 59478K, committed 60672K, reserved 1105920K
  class space    used 5923K, committed 6400K, reserved 1048576K
}
Event: 622.155 GC heap before
{Heap before GC invocations=520 (full 422):
 PSYoungGen      total 38912K, used 30719K [0x00000000f5580000, 0x00000000f8a00000, 0x0000000100000000)
  eden space 30720K, 99% used [0x00000000f5580000,0x00000000f737fff8,0x00000000f7380000)
  from space 8192K, 0% used [0x00000000f8200000,0x00000000f8200000,0x00000000f8a00000)
  to   space 11264K, 0% used [0x00000000f7380000,0x00000000f7380000,0x00000000f7e80000)
 ParOldGen       total 349696K, used 349693K [0x00000000e0000000, 0x00000000f5580000, 0x00000000f5580000)
  object space 349696K, 99% used [0x00000000e0000000,0x00000000f557f6d8,0x00000000f5580000)
 Metaspace       used 59478K, committed 60672K, reserved 1105920K
  class space    used 5923K, committed 6400K, reserved 1048576K
}
Event: 623.378 GC heap after
{Heap after GC invocations=520 (full 422):
 PSYoungGen      total 41984K, used 30719K [0x00000000f5580000, 0x00000000f8a00000, 0x0000000100000000)
  eden space 30720K, 99% used [0x00000000f5580000,0x00000000f737ff78,0x00000000f7380000)
  from space 11264K, 0% used [0x00000000f7380000,0x00000000f7380000,0x00000000f7e80000)
  to   space 8192K, 0% used [0x00000000f8200000,0x00000000f8200000,0x00000000f8a00000)
 ParOldGen       total 349696K, used 349693K [0x00000000e0000000, 0x00000000f5580000, 0x00000000f5580000)
  object space 349696K, 99% used [0x00000000e0000000,0x00000000f557f6d8,0x00000000f5580000)
 Metaspace       used 59478K, committed 60672K, reserved 1105920K
  class space    used 5923K, committed 6400K, reserved 1048576K
}
Event: 623.378 GC heap before
{Heap before GC invocations=521 (full 423):
 PSYoungGen      total 41984K, used 30719K [0x00000000f5580000, 0x00000000f8a00000, 0x0000000100000000)
  eden space 30720K, 99% used [0x00000000f5580000,0x00000000f737fff8,0x00000000f7380000)
  from space 11264K, 0% used [0x00000000f7380000,0x00000000f7380000,0x00000000f7e80000)
  to   space 8192K, 0% used [0x00000000f8200000,0x00000000f8200000,0x00000000f8a00000)
 ParOldGen       total 349696K, used 349693K [0x00000000e0000000, 0x00000000f5580000, 0x00000000f5580000)
  object space 349696K, 99% used [0x00000000e0000000,0x00000000f557f6d8,0x00000000f5580000)
 Metaspace       used 59478K, committed 60672K, reserved 1105920K
  class space    used 5923K, committed 6400K, reserved 1048576K
}
Event: 624.679 GC heap after
{Heap after GC invocations=521 (full 423):
 PSYoungGen      total 38912K, used 30719K [0x00000000f5580000, 0x00000000f8a00000, 0x0000000100000000)
  eden space 30720K, 99% used [0x00000000f5580000,0x00000000f737ff78,0x00000000f7380000)
  from space 8192K, 0% used [0x00000000f8200000,0x00000000f8200000,0x00000000f8a00000)
  to   space 11264K, 0% used [0x00000000f7380000,0x00000000f7380000,0x00000000f7e80000)
 ParOldGen       total 349696K, used 349693K [0x00000000e0000000, 0x00000000f5580000, 0x00000000f5580000)
  object space 349696K, 99% used [0x00000000e0000000,0x00000000f557f6d8,0x00000000f5580000)
 Metaspace       used 59478K, committed 60672K, reserved 1105920K
  class space    used 5923K, committed 6400K, reserved 1048576K
}
Event: 624.679 GC heap before
{Heap before GC invocations=522 (full 424):
 PSYoungGen      total 38912K, used 30719K [0x00000000f5580000, 0x00000000f8a00000, 0x0000000100000000)
  eden space 30720K, 99% used [0x00000000f5580000,0x00000000f737fff0,0x00000000f7380000)
  from space 8192K, 0% used [0x00000000f8200000,0x00000000f8200000,0x00000000f8a00000)
  to   space 11264K, 0% used [0x00000000f7380000,0x00000000f7380000,0x00000000f7e80000)
 ParOldGen       total 349696K, used 349693K [0x00000000e0000000, 0x00000000f5580000, 0x00000000f5580000)
  object space 349696K, 99% used [0x00000000e0000000,0x00000000f557f6d8,0x00000000f5580000)
 Metaspace       used 59478K, committed 60672K, reserved 1105920K
  class space    used 5923K, committed 6400K, reserved 1048576K
}
Event: 625.970 GC heap after
{Heap after GC invocations=522 (full 424):
 PSYoungGen      total 41984K, used 30719K [0x00000000f5580000, 0x00000000f8a00000, 0x0000000100000000)
  eden space 30720K, 99% used [0x00000000f5580000,0x00000000f737ffc0,0x00000000f7380000)
  from space 11264K, 0% used [0x00000000f7380000,0x00000000f7380000,0x00000000f7e80000)
  to   space 8192K, 0% used [0x00000000f8200000,0x00000000f8200000,0x00000000f8a00000)
 ParOldGen       total 349696K, used 349693K [0x00000000e0000000, 0x00000000f5580000, 0x00000000f5580000)
  object space 349696K, 99% used [0x00000000e0000000,0x00000000f557f6d8,0x00000000f5580000)
 Metaspace       used 59478K, committed 60672K, reserved 1105920K
  class space    used 5923K, committed 6400K, reserved 1048576K
}
Event: 625.970 GC heap before
{Heap before GC invocations=523 (full 425):
 PSYoungGen      total 41984K, used 30719K [0x00000000f5580000, 0x00000000f8a00000, 0x0000000100000000)
  eden space 30720K, 99% used [0x00000000f5580000,0x00000000f737fff0,0x00000000f7380000)
  from space 11264K, 0% used [0x00000000f7380000,0x00000000f7380000,0x00000000f7e80000)
  to   space 8192K, 0% used [0x00000000f8200000,0x00000000f8200000,0x00000000f8a00000)
 ParOldGen       total 349696K, used 349693K [0x00000000e0000000, 0x00000000f5580000, 0x00000000f5580000)
  object space 349696K, 99% used [0x00000000e0000000,0x00000000f557f6d8,0x00000000f5580000)
 Metaspace       used 59478K, committed 60672K, reserved 1105920K
  class space    used 5923K, committed 6400K, reserved 1048576K
}
Event: 627.193 GC heap after
{Heap after GC invocations=523 (full 425):
 PSYoungGen      total 38912K, used 30719K [0x00000000f5580000, 0x00000000f8a00000, 0x0000000100000000)
  eden space 30720K, 99% used [0x00000000f5580000,0x00000000f737fff0,0x00000000f7380000)
  from space 8192K, 0% used [0x00000000f8200000,0x00000000f8200000,0x00000000f8a00000)
  to   space 11264K, 0% used [0x00000000f7380000,0x00000000f7380000,0x00000000f7e80000)
 ParOldGen       total 349696K, used 349693K [0x00000000e0000000, 0x00000000f5580000, 0x00000000f5580000)
  object space 349696K, 99% used [0x00000000e0000000,0x00000000f557f6b8,0x00000000f5580000)
 Metaspace       used 59478K, committed 60672K, reserved 1105920K
  class space    used 5923K, committed 6400K, reserved 1048576K
}
Event: 627.193 GC heap before
{Heap before GC invocations=524 (full 426):
 PSYoungGen      total 38912K, used 30720K [0x00000000f5580000, 0x00000000f8a00000, 0x0000000100000000)
  eden space 30720K, 100% used [0x00000000f5580000,0x00000000f7380000,0x00000000f7380000)
  from space 8192K, 0% used [0x00000000f8200000,0x00000000f8200000,0x00000000f8a00000)
  to   space 11264K, 0% used [0x00000000f7380000,0x00000000f7380000,0x00000000f7e80000)
 ParOldGen       total 349696K, used 349695K [0x00000000e0000000, 0x00000000f5580000, 0x00000000f5580000)
  object space 349696K, 99% used [0x00000000e0000000,0x00000000f557fe70,0x00000000f5580000)
 Metaspace       used 59478K, committed 60672K, reserved 1105920K
  class space    used 5923K, committed 6400K, reserved 1048576K
}
Event: 628.481 GC heap after
{Heap after GC invocations=524 (full 426):
 PSYoungGen      total 41984K, used 30719K [0x00000000f5580000, 0x00000000f8a00000, 0x0000000100000000)
  eden space 30720K, 99% used [0x00000000f5580000,0x00000000f737fff0,0x00000000f7380000)
  from space 11264K, 0% used [0x00000000f7380000,0x00000000f7380000,0x00000000f7e80000)
  to   space 8192K, 0% used [0x00000000f8200000,0x00000000f8200000,0x00000000f8a00000)
 ParOldGen       total 349696K, used 349694K [0x00000000e0000000, 0x00000000f5580000, 0x00000000f5580000)
  object space 349696K, 99% used [0x00000000e0000000,0x00000000f557fbb0,0x00000000f5580000)
 Metaspace       used 59478K, committed 60672K, reserved 1105920K
  class space    used 5923K, committed 6400K, reserved 1048576K
}
Event: 628.481 GC heap before
{Heap before GC invocations=525 (full 427):
 PSYoungGen      total 41984K, used 30719K [0x00000000f5580000, 0x00000000f8a00000, 0x0000000100000000)
  eden space 30720K, 99% used [0x00000000f5580000,0x00000000f737fff0,0x00000000f7380000)
  from space 11264K, 0% used [0x00000000f7380000,0x00000000f7380000,0x00000000f7e80000)
  to   space 8192K, 0% used [0x00000000f8200000,0x00000000f8200000,0x00000000f8a00000)
 ParOldGen       total 349696K, used 349694K [0x00000000e0000000, 0x00000000f5580000, 0x00000000f5580000)
  object space 349696K, 99% used [0x00000000e0000000,0x00000000f557fbb0,0x00000000f5580000)
 Metaspace       used 59478K, committed 60672K, reserved 1105920K
  class space    used 5923K, committed 6400K, reserved 1048576K
}
Event: 629.761 GC heap after
{Heap after GC invocations=525 (full 427):
 PSYoungGen      total 38912K, used 30719K [0x00000000f5580000, 0x00000000f8a00000, 0x0000000100000000)
  eden space 30720K, 99% used [0x00000000f5580000,0x00000000f737fff0,0x00000000f7380000)
  from space 8192K, 0% used [0x00000000f8200000,0x00000000f8200000,0x00000000f8a00000)
  to   space 11264K, 0% used [0x00000000f7380000,0x00000000f7380000,0x00000000f7e80000)
 ParOldGen       total 349696K, used 349694K [0x00000000e0000000, 0x00000000f5580000, 0x00000000f5580000)
  object space 349696K, 99% used [0x00000000e0000000,0x00000000f557fbb0,0x00000000f5580000)
 Metaspace       used 59478K, committed 60672K, reserved 1105920K
  class space    used 5923K, committed 6400K, reserved 1048576K
}

Dll operation events (9 events):
Event: 0.002 Loaded shared library /nix/store/gpxl5qgg8kicmcvivwmybwjlpf7wh20l-graalvm17-ce-22.3.0/lib/libjava.so
Event: 0.009 Loaded shared library /nix/store/gpxl5qgg8kicmcvivwmybwjlpf7wh20l-graalvm17-ce-22.3.0/lib/libjsvml.so
Event: 0.305 Loaded shared library /nix/store/gpxl5qgg8kicmcvivwmybwjlpf7wh20l-graalvm17-ce-22.3.0/lib/libnio.so
Event: 0.312 Loaded shared library /nix/store/gpxl5qgg8kicmcvivwmybwjlpf7wh20l-graalvm17-ce-22.3.0/lib/libzip.so
Event: 0.314 Loaded shared library /nix/store/gpxl5qgg8kicmcvivwmybwjlpf7wh20l-graalvm17-ce-22.3.0/lib/libjvmcicompiler.so
Event: 0.662 Loaded shared library /nix/store/gpxl5qgg8kicmcvivwmybwjlpf7wh20l-graalvm17-ce-22.3.0/lib/libjimage.so
Event: 1.183 Loaded shared library /nix/store/gpxl5qgg8kicmcvivwmybwjlpf7wh20l-graalvm17-ce-22.3.0/lib/libnet.so
Event: 4.358 Loaded shared library /home/runner/.cache/jdt-language-server/config/org.eclipse.equinox.launcher/org.eclipse.equinox.launcher.gtk.linux.x86_64_1.2.400.v20211117-0650/eclipse_11600.so
Event: 12.579 Loaded shared library /nix/store/gpxl5qgg8kicmcvivwmybwjlpf7wh20l-graalvm17-ce-22.3.0/lib/libextnet.so

Deoptimization events (20 events):
Event: 62.758 Thread 0x00007fa16c489980 DEOPT PACKING pc=0x00007fa1bbcd7f5d sp=0x00007fa1823fe530
Event: 62.758 Thread 0x00007fa16c489980 DEOPT UNPACKING pc=0x00007fa1bb505325 sp=0x00007fa1823fda20 mode 0
Event: 62.761 Thread 0x00007fa16c489980 DEOPT PACKING pc=0x00007fa1bbcd7f5d sp=0x00007fa1823fe530
Event: 62.761 Thread 0x00007fa16c489980 DEOPT UNPACKING pc=0x00007fa1bb505325 sp=0x00007fa1823fda20 mode 0
Event: 62.762 Thread 0x00007fa16c489980 DEOPT PACKING pc=0x00007fa1bbcd7f5d sp=0x00007fa1823fe530
Event: 62.762 Thread 0x00007fa16c489980 DEOPT UNPACKING pc=0x00007fa1bb505325 sp=0x00007fa1823fda20 mode 0
Event: 62.764 Thread 0x00007fa16c489980 DEOPT PACKING pc=0x00007fa1bbcd7f5d sp=0x00007fa1823fe530
Event: 62.764 Thread 0x00007fa16c489980 DEOPT UNPACKING pc=0x00007fa1bb505325 sp=0x00007fa1823fda20 mode 0
Event: 62.765 Thread 0x00007fa16c489980 DEOPT PACKING pc=0x00007fa1bbcd7f5d sp=0x00007fa1823fe530
Event: 62.765 Thread 0x00007fa16c489980 DEOPT UNPACKING pc=0x00007fa1bb505325 sp=0x00007fa1823fda20 mode 0
Event: 62.766 Thread 0x00007fa16c489980 DEOPT PACKING pc=0x00007fa1bbcd7f5d sp=0x00007fa1823fe530
Event: 62.766 Thread 0x00007fa16c489980 DEOPT UNPACKING pc=0x00007fa1bb505325 sp=0x00007fa1823fda20 mode 0
Event: 572.016 Thread 0x00007fa1d4396f70 Uncommon trap: trap_request=0xffffff8f fr.pc=0x00007fa1c304c69f relative=0x000000000000045f
Event: 572.016 Thread 0x00007fa1d4396f70 Uncommon trap: reason=constraint action=none pc=0x00007fa1c304c69f method=java.lang.StringLatin1.replace([BCC)Ljava/lang/String; @ 34 jvmci
Event: 572.016 Thread 0x00007fa1d4396f70 DEOPT PACKING pc=0x00007fa1c304c69f sp=0x00007fa181bfd770
Event: 572.016 Thread 0x00007fa1d4396f70 DEOPT UNPACKING pc=0x00007fa1bb505325 sp=0x00007fa181bfcb68 mode 3
Event: 606.341 Thread 0x00007fa16c30d590 Uncommon trap: trap_request=0xffffff8f fr.pc=0x00007fa1c2f8f994 relative=0x0000000000000274
Event: 606.341 Thread 0x00007fa16c30d590 Uncommon trap: reason=constraint action=none pc=0x00007fa1c2f8f994 method=java.lang.StringLatin1.newString([BII)Ljava/lang/String; @ 0 jvmci
Event: 606.341 Thread 0x00007fa16c30d590 DEOPT PACKING pc=0x00007fa1c2f8f994 sp=0x00007fa1827fe740
Event: 606.341 Thread 0x00007fa16c30d590 DEOPT UNPACKING pc=0x00007fa1bb505325 sp=0x00007fa1827fdbd0 mode 3

Classes unloaded (20 events):
Event: 180.682 Thread 0x00007fa1d40a1c10 Unloading class 0x000000080113d800 'jdk/internal/reflect/GeneratedSerializationConstructorAccessor13'
Event: 180.682 Thread 0x00007fa1d40a1c10 Unloading class 0x000000080113d400 'jdk/internal/reflect/GeneratedSerializationConstructorAccessor12'
Event: 180.682 Thread 0x00007fa1d40a1c10 Unloading class 0x000000080113d000 'jdk/internal/reflect/GeneratedMethodAccessor12'
Event: 180.682 Thread 0x00007fa1d40a1c10 Unloading class 0x000000080113c800 'jdk/internal/reflect/GeneratedSerializationConstructorAccessor11'
Event: 180.682 Thread 0x00007fa1d40a1c10 Unloading class 0x000000080113c400 'jdk/internal/reflect/GeneratedSerializationConstructorAccessor10'
Event: 180.682 Thread 0x00007fa1d40a1c10 Unloading class 0x000000080113c000 'jdk/internal/reflect/GeneratedSerializationConstructorAccessor9'
Event: 180.682 Thread 0x00007fa1d40a1c10 Unloading class 0x000000080113b400 'jdk/internal/reflect/GeneratedSerializationConstructorAccessor8'
Event: 180.682 Thread 0x00007fa1d40a1c10 Unloading class 0x000000080112c800 'jdk/internal/reflect/GeneratedSerializationConstructorAccessor7'
Event: 180.682 Thread 0x00007fa1d40a1c10 Unloading class 0x000000080112c400 'jdk/internal/reflect/GeneratedSerializationConstructorAccessor6'
Event: 180.682 Thread 0x00007fa1d40a1c10 Unloading class 0x000000080112c000 'jdk/internal/reflect/GeneratedSerializationConstructorAccessor5'
Event: 180.682 Thread 0x00007fa1d40a1c10 Unloading class 0x0000000801125400 'jdk/internal/reflect/GeneratedSerializationConstructorAccessor4'
Event: 180.682 Thread 0x00007fa1d40a1c10 Unloading class 0x00000008010dc000 'jdk/internal/reflect/GeneratedSerializationConstructorAccessor3'
Event: 180.682 Thread 0x00007fa1d40a1c10 Unloading class 0x00000008010a2400 'jdk/internal/reflect/GeneratedSerializationConstructorAccessor2'
Event: 180.682 Thread 0x00007fa1d40a1c10 Unloading class 0x00000008010a2000 'jdk/internal/reflect/GeneratedSerializationConstructorAccessor1'
Event: 187.495 Thread 0x00007fa1d40a1c10 Unloading class 0x000000080113b000 'jdk/internal/reflect/GeneratedConstructorAccessor37'
Event: 187.495 Thread 0x00007fa1d40a1c10 Unloading class 0x00000008010fcc00 'jdk/internal/reflect/GeneratedMethodAccessor10'
Event: 187.495 Thread 0x00007fa1d40a1c10 Unloading class 0x00000008010fc800 'jdk/internal/reflect/GeneratedMethodAccessor9'
Event: 187.495 Thread 0x00007fa1d40a1c10 Unloading class 0x00000008010fc400 'jdk/internal/reflect/GeneratedMethodAccessor8'
Event: 187.495 Thread 0x00007fa1d40a1c10 Unloading class 0x00000008010fc000 'jdk/internal/reflect/GeneratedMethodAccessor7'
Event: 193.384 Thread 0x00007fa1d40a1c10 Unloading class 0x000000080113cc00 'jdk/internal/reflect/GeneratedMethodAccessor11'

Classes redefined (0 events):
No events

Internal exceptions (20 events):
Event: 44.572 Thread 0x00007fa140000ff0 Exception <a 'java/lang/NoSuchMethodError'{0x00000000f57087f8}: 'java.lang.Object java.lang.invoke.DirectMethodHandle$Holder.invokeSpecial(java.lang.Object, java.lang.Object, java.lang.Object, java.lang.Object, long)'> (0x00000000f57087f8) 
thrown [src/hotspot/share/interpreter/linkResolver.cpp, line 758]
Event: 44.572 Thread 0x00007fa140000ff0 Exception <a 'java/lang/NoSuchMethodError'{0x00000000f570cf28}: 'java.lang.Object java.lang.invoke.Invokers$Holder.linkToTargetMethod(java.lang.Object, java.lang.Object, long, java.lang.Object)'> (0x00000000f570cf28) 
thrown [src/hotspot/share/interpreter/linkResolver.cpp, line 758]
Event: 45.169 Thread 0x00007fa158001290 Exception <a 'java/io/FileNotFoundException'{0x00000000f58854b0}> (0x00000000f58854b0) 
thrown [src/hotspot/share/prims/jni.cpp, line 516]
Event: 45.379 Thread 0x00007fa154009140 Exception <a 'java/lang/NoSuchMethodError'{0x00000000f5eafc78}: 'java.lang.Object java.lang.invoke.DirectMethodHandle$Holder.newInvokeSpecial(java.lang.Object, java.lang.Object, int, java.lang.Object, java.lang.Object)'> (0x00000000f5eafc78) 
thrown [src/hotspot/share/interpreter/linkResolver.cpp, line 758]
Event: 45.380 Thread 0x00007fa154009140 Exception <a 'java/lang/NoSuchMethodError'{0x00000000f5fea450}: 'java.lang.Object java.lang.invoke.DirectMethodHandle$Holder.invokeSpecial(java.lang.Object, java.lang.Object, java.lang.Object, int, java.lang.Object, java.lang.Object)'> (0x00000000f5fea450) 
thrown [src/hotspot/share/interpreter/linkResolver.cpp, line 758]
Event: 45.486 Thread 0x00007fa154009140 Implicit null exception at 0x00007fa1c31827d5 to 0x00007fa1c3182bee
Event: 47.374 Thread 0x00007fa13c14a300 Implicit null exception at 0x00007fa1c30c50e9 to 0x00007fa1c30c529b
Event: 49.367 Thread 0x00007fa13c14aec0 Exception <a 'java/lang/NoSuchMethodError'{0x00000000f61400b0}: 'java.lang.Object java.lang.invoke.DirectMethodHandle$Holder.invokeStatic(java.lang.Object, int, java.lang.Object, java.lang.Object, java.lang.Object, java.lang.Object)'> (0x00000000f61400b0) 
thrown [src/hotspot/share/interpreter/linkResolver.cpp, line 758]
Event: 49.458 Thread 0x00007fa13c14aec0 Exception <a 'java/lang/NoSuchMethodError'{0x00000000f69cb370}: 'java.lang.Object java.lang.invoke.DirectMethodHandle$Holder.newInvokeSpecial(java.lang.Object, int, java.lang.Object, java.lang.Object, java.lang.Object)'> (0x00000000f69cb370) 
thrown [src/hotspot/share/interpreter/linkResolver.cpp, line 758]
Event: 49.472 Thread 0x00007fa13c14a300 Exception <a 'java/lang/NoSuchMethodError'{0x00000000f6dd44d8}: 'java.lang.Object java.lang.invoke.DirectMethodHandle$Holder.newInvokeSpecial(java.lang.Object, java.lang.Object, int, java.lang.Object, java.lang.Object, java.lang.Object, java.lang.Object)'> (0x00000000f6dd44d8) 
thrown [src/hotspot/share/interpreter/linkResolver.cpp, line 758]
Event: 51.257 Thread 0x00007fa13c14a300 Exception <a 'java/lang/NoSuchMethodError'{0x00000000f5b74258}: 'void java.lang.invoke.DirectMethodHandle$Holder.invokeSpecial(java.lang.Object, java.lang.Object, int)'> (0x00000000f5b74258) 
thrown [src/hotspot/share/interpreter/linkResolver.cpp, line 758]
Event: 51.966 Thread 0x00007fa13c14aec0 Exception <a 'java/lang/NoSuchMethodError'{0x00000000f622ad48}: 'int java.lang.invoke.DirectMethodHandle$Holder.invokeSpecialIFC(java.lang.Object, java.lang.Object, java.lang.Object, java.lang.Object)'> (0x00000000f622ad48) 
thrown [src/hotspot/share/interpreter/linkResolver.cpp, line 758]
Event: 572.016 Thread 0x00007fa1d4396f70 Exception <a 'java/lang/OutOfMemoryError'{0x00000000e0004618}> (0x00000000e0004618) 
thrown [src/hotspot/share/gc/shared/memAllocator.cpp, line 138]
Event: 572.016 Thread 0x00007fa1d4396f70 Implicit null exception at 0x00007fa1c304c538 to 0x00007fa1c304c684
Event: 591.177 Thread 0x00007fa16c30d590 Exception <a 'java/lang/OutOfMemoryError'{0x00000000e0003ad8}> (0x00000000e0003ad8) 
thrown [src/hotspot/share/gc/shared/memAllocator.cpp, line 136]
Event: 606.341 Thread 0x00007fa16c30d590 Exception <a 'java/lang/OutOfMemoryError'{0x00000000e0003da8}> (0x00000000e0003da8) 
thrown [src/hotspot/share/gc/shared/memAllocator.cpp, line 138]
Event: 606.341 Thread 0x00007fa16c30d590 Implicit null exception at 0x00007fa1c2f8f8af to 0x00007fa1c2f8f979
Event: 620.854 Thread 0x00007fa1d4396f70 Exception <a 'java/lang/OutOfMemoryError'{0x00000000e00040c8}> (0x00000000e00040c8) 
thrown [src/hotspot/share/gc/shared/memAllocator.cpp, line 136]
Event: 627.193 Thread 0x00007fa1d4396f70 Exception <a 'java/lang/reflect/InvocationTargetException'{0x00000000f737ff20}> (0x00000000f737ff20) 
thrown [src/hotspot/share/runtime/reflection.cpp, line 1119]
Event: 629.761 Thread 0x00007fa1d40b21e0 Exception <a 'java/lang/OutOfMemoryError'{0x00000000e00040c8}> (0x00000000e00040c8) 
thrown [src/hotspot/share/gc/shared/memAllocator.cpp, line 136]

VM Operations (20 events):
Event: 614.466 Executing VM operation: ParallelGCFailedAllocation
Event: 615.695 Executing VM operation: ParallelGCFailedAllocation done
Event: 615.695 Executing VM operation: ParallelGCFailedAllocation
Event: 617.086 Executing VM operation: ParallelGCFailedAllocation done
Event: 617.087 Executing VM operation: ParallelGCFailedAllocation
Event: 618.395 Executing VM operation: ParallelGCFailedAllocation done
Event: 618.395 Executing VM operation: ParallelGCFailedAllocation
Event: 620.854 Executing VM operation: ParallelGCFailedAllocation done
Event: 620.854 Executing VM operation: ParallelGCFailedAllocation
Event: 622.154 Executing VM operation: ParallelGCFailedAllocation done
Event: 622.155 Executing VM operation: ParallelGCFailedAllocation
Event: 623.378 Executing VM operation: ParallelGCFailedAllocation done
Event: 623.378 Executing VM operation: ParallelGCFailedAllocation
Event: 624.679 Executing VM operation: ParallelGCFailedAllocation done
Event: 624.679 Executing VM operation: ParallelGCFailedAllocation
Event: 625.970 Executing VM operation: ParallelGCFailedAllocation done
Event: 625.970 Executing VM operation: ParallelGCFailedAllocation
Event: 627.193 Executing VM operation: ParallelGCFailedAllocation done
Event: 627.193 Executing VM operation: ParallelGCFailedAllocation
Event: 629.761 Executing VM operation: ParallelGCFailedAllocation done

Events (20 events):
Event: 53.468 Thread 0x00007fa1d40b4b40 flushing nmethod 0x00007fa1bc8dcf90
Event: 53.468 Thread 0x00007fa1d40b4b40 flushing nmethod 0x00007fa1bc905a90
Event: 53.468 Thread 0x00007fa1d40b4b40 flushing nmethod 0x00007fa1bc90c810
Event: 53.468 Thread 0x00007fa1d40b4b40 flushing nmethod 0x00007fa1bc912d90
Event: 53.468 Thread 0x00007fa1d40b4b40 flushing nmethod 0x00007fa1bc913a10
Event: 53.468 Thread 0x00007fa1d40b4b40 flushing nmethod 0x00007fa1bc916190
Event: 53.468 Thread 0x00007fa1d40b4b40 flushing nmethod 0x00007fa1bc917010
Event: 53.468 Thread 0x00007fa1d40b4b40 flushing nmethod 0x00007fa1bc91aa90
Event: 53.468 Thread 0x00007fa1d40b4b40 flushing nmethod 0x00007fa1bc933890
Event: 53.468 Thread 0x00007fa1d40b4b40 flushing nmethod 0x00007fa1bc936310
Event: 53.468 Thread 0x00007fa1d40b4b40 flushing nmethod 0x00007fa1bc941f90
Event: 53.468 Thread 0x00007fa1d40b4b40 flushing nmethod 0x00007fa1bc959810
Event: 61.353 Thread 0x00007fa1d422b460 Thread exited: 0x00007fa1d422b460
Event: 94.379 Thread 0x00007fa124003560 Thread exited: 0x00007fa124003560
Event: 107.650 Thread 0x00007fa14802d970 Thread exited: 0x00007fa14802d970
Event: 108.956 Thread 0x00007fa140000ff0 Thread exited: 0x00007fa140000ff0
Event: 118.788 Thread 0x00007fa1540010d0 Thread exited: 0x00007fa1540010d0
Event: 401.585 Thread 0x00007fa124002050 Thread exited: 0x00007fa124002050
Event: 405.389 Thread 0x00007fa13440cd20 Thread exited: 0x00007fa13440cd20
Event: 448.684 Thread 0x00007fa13440dcf0 Thread exited: 0x00007fa13440dcf0


Dynamic libraries:
e0000000-f5580000 rw-p 00000000 00:00 0 
f5580000-f8a00000 rw-p 00000000 00:00 0 
f8a00000-100000000 ---p 00000000 00:00 0 
800000000-800449000 rw-p 00001000 00:c08 4611686019135357769             /nix/store/gpxl5qgg8kicmcvivwmybwjlpf7wh20l-graalvm17-ce-22.3.0/lib/server/classes.jsa
800449000-800bc8000 r--p 0044a000 00:c08 4611686019135357769             /nix/store/gpxl5qgg8kicmcvivwmybwjlpf7wh20l-graalvm17-ce-22.3.0/lib/server/classes.jsa
800bc8000-800c00000 ---p 00000000 00:00 0 
800c00000-800c20000 rw-p 00000000 00:00 0 
800c20000-800c40000 rw-p 00000000 00:00 0 
800c40000-800cc0000 rw-p 00000000 00:00 0 
800cc0000-800d00000 rw-p 00000000 00:00 0 
800d00000-800dc0000 rw-p 00000000 00:00 0 
800dc0000-800e00000 rw-p 00000000 00:00 0 
800e00000-800f40000 rw-p 00000000 00:00 0 
800f40000-800fc0000 rw-p 00000000 00:00 0 
800fc0000-800ff0000 rw-p 00000000 00:00 0 
800ff0000-801000000 ---p 00000000 00:00 0 
801000000-801250000 rw-p 00000000 00:00 0 
801250000-840c00000 ---p 00000000 00:00 0 
5595c2975000-5595c2976000 r-xp 00000000 00:c08 4611686019099417844       /nix/store/gpxl5qgg8kicmcvivwmybwjlpf7wh20l-graalvm17-ce-22.3.0/bin/.java-wrapped
5595c2977000-5595c2978000 r--p 00001000 00:c08 4611686019099417844       /nix/store/gpxl5qgg8kicmcvivwmybwjlpf7wh20l-graalvm17-ce-22.3.0/bin/.java-wrapped
5595c2978000-5595c2979000 rw-p 00002000 00:c08 4611686019099417844       /nix/store/gpxl5qgg8kicmcvivwmybwjlpf7wh20l-graalvm17-ce-22.3.0/bin/.java-wrapped
5595c2979000-5595c297a000 rw-p 00004000 00:c08 4611686019099417844       /nix/store/gpxl5qgg8kicmcvivwmybwjlpf7wh20l-graalvm17-ce-22.3.0/bin/.java-wrapped
5595c297a000-5595c297b000 rw-p 00005000 00:c08 4611686019099417844       /nix/store/gpxl5qgg8kicmcvivwmybwjlpf7wh20l-graalvm17-ce-22.3.0/bin/.java-wrapped
5595c2fc7000-5595c300f000 rw-p 00000000 00:00 0                          [heap]
7fa10c000000-7fa10c160000 rw-p 00000000 00:00 0 
7fa10c160000-7fa110000000 ---p 00000000 00:00 0 
7fa110000000-7fa11019c000 rw-p 00000000 00:00 0 
7fa11019c000-7fa114000000 ---p 00000000 00:00 0 
7fa114000000-7fa114021000 rw-p 00000000 00:00 0 
7fa114021000-7fa118000000 ---p 00000000 00:00 0 
7fa118000000-7fa118021000 rw-p 00000000 00:00 0 
7fa118021000-7fa11c000000 ---p 00000000 00:00 0 
7fa11c000000-7fa11c021000 rw-p 00000000 00:00 0 
7fa11c021000-7fa120000000 ---p 00000000 00:00 0 
7fa120000000-7fa120021000 rw-p 00000000 00:00 0 
7fa120021000-7fa124000000 ---p 00000000 00:00 0 
7fa124000000-7fa124021000 rw-p 00000000 00:00 0 
7fa124021000-7fa128000000 ---p 00000000 00:00 0 
7fa12a4b3000-7fa134000000 r--s 00000000 00:c08 4611686019135192581       /nix/store/gpxl5qgg8kicmcvivwmybwjlpf7wh20l-graalvm17-ce-22.3.0/lib/modules
7fa134000000-7fa1344bb000 rw-p 00000000 00:00 0 
7fa1344bb000-7fa138000000 ---p 00000000 00:00 0 
7fa13ac00000-7fa13af80000 rw-p 00000000 00:00 0 
7fa13af80000-7fa13afa0000 rw-p 00000000 00:00 0 
7fa13afa0000-7fa13b000000 ---p 00000000 00:00 0 
7fa13b000000-7fa13b160000 rw-p 00000000 00:00 0 
7fa13b160000-7fa13b400000 ---p 00000000 00:00 0 
7fa13b400000-7fa13b940000 rw-p 00000000 00:00 0 
7fa13b940000-7fa13b9c0000 rw-p 00000000 00:00 0 
7fa13b9c0000-7fa13ba00000 rw-p 00000000 00:00 0 
7fa13ba00000-7fa13bc00000 rw-p 00000000 00:00 0 
7fa13c000000-7fa13c167000 rw-p 00000000 00:00 0 
7fa13c167000-7fa140000000 ---p 00000000 00:00 0 
7fa140000000-7fa14009a000 rw-p 00000000 00:00 0 
7fa14009a000-7fa144000000 ---p 00000000 00:00 0 
7fa144000000-7fa144021000 rw-p 00000000 00:00 0 
7fa144021000-7fa148000000 ---p 00000000 00:00 0 
7fa148000000-7fa148079000 rw-p 00000000 00:00 0 
7fa148079000-7fa14c000000 ---p 00000000 00:00 0 
7fa14c000000-7fa14c062000 rw-p 00000000 00:00 0 
7fa14c062000-7fa150000000 ---p 00000000 00:00 0 
7fa150000000-7fa150021000 rw-p 00000000 00:00 0 
7fa150021000-7fa154000000 ---p 00000000 00:00 0 
7fa154000000-7fa1540fa000 rw-p 00000000 00:00 0 
7fa1540fa000-7fa158000000 ---p 00000000 00:00 0 
7fa158000000-7fa1582fb000 rw-p 00000000 00:00 0 
7fa1582fb000-7fa15c000000 ---p 00000000 00:00 0 
7fa15c000000-7fa15c021000 rw-p 00000000 00:00 0 
7fa15c021000-7fa160000000 ---p 00000000 00:00 0 
7fa160000000-7fa160021000 rw-p 00000000 00:00 0 
7fa160021000-7fa164000000 ---p 00000000 00:00 0 
7fa164000000-7fa164021000 rw-p 00000000 00:00 0 
7fa164021000-7fa168000000 ---p 00000000 00:00 0 
7fa168a00000-7fa168b00000 ---p 00000000 00:00 0 
7fa168b00000-7fa1690af000 r--p 01122000 00:c08 4611686019135190040       /nix/store/gpxl5qgg8kicmcvivwmybwjlpf7wh20l-graalvm17-ce-22.3.0/lib/libjvmcicompiler.so
7fa1690af000-7fa169200000 r--p 00000000 00:00 0 
7fa169200000-7fa16923d000 rw-p 00000000 00:00 0 
7fa16923d000-7fa16975d000 rw-p 0185f000 00:c08 4611686019135190040       /nix/store/gpxl5qgg8kicmcvivwmybwjlpf7wh20l-graalvm17-ce-22.3.0/lib/libjvmcicompiler.so
7fa16975d000-7fa169b44000 r--p 01d7f000 00:c08 4611686019135190040       /nix/store/gpxl5qgg8kicmcvivwmybwjlpf7wh20l-graalvm17-ce-22.3.0/lib/libjvmcicompiler.so
7fa169c00000-7fa16a100000 rw-p 00000000 00:00 0 
7fa16a100000-7fa16a200000 rw-p 00000000 00:00 0 
7fa16a200000-7fa16a400000 rw-p 00000000 00:00 0 
7fa16a400000-7fa16a480000 rw-p 00000000 00:00 0 
7fa16a480000-7fa16a500000 rw-p 00000000 00:00 0 
7fa16a500000-7fa16a6c0000 rw-p 00000000 00:00 0 
7fa16a6c0000-7fa16a700000 rw-p 00000000 00:00 0 
7fa16a700000-7fa16a900000 rw-p 00000000 00:00 0 
7fa16a900000-7fa16aa00000 rw-p 00000000 00:00 0 
7fa16aa00000-7fa16ac00000 rw-p 00000000 00:00 0 
7fa16ac00000-7fa16ad00000 rw-p 00000000 00:00 0 
7fa16ad00000-7fa16ae00000 rw-p 00000000 00:00 0 
7fa16ae00000-7fa16b380000 rw-p 00000000 00:00 0 
7fa16b380000-7fa16b400000 rw-p 00000000 00:00 0 
7fa16b400000-7fa16b500000 rw-p 00000000 00:00 0 
7fa16b500000-7fa16b600000 rw-p 00000000 00:00 0 
7fa16b600000-7fa16b900000 rw-p 00000000 00:00 0 
7fa16b900000-7fa16ba00000 rw-p 00000000 00:00 0 
7fa16ba00000-7fa16bc00000 rw-p 00000000 00:00 0 
7fa16bc00000-7fa16bc10000 r-xp 00000000 00:bd1 356                       /home/runner/.cache/jdt-language-server/config/org.eclipse.equinox.launcher/org.eclipse.equinox.launcher.gtk.linux.x86_64_1.2.400.v20211117-0650/eclipse_11600.so
7fa16bc10000-7fa16be0f000 ---p 00010000 00:bd1 356                       /home/runner/.cache/jdt-language-server/config/org.eclipse.equinox.launcher/org.eclipse.equinox.launcher.gtk.linux.x86_64_1.2.400.v20211117-0650/eclipse_11600.so
7fa16be0f000-7fa16be10000 r--p 0000f000 00:bd1 356                       /home/runner/.cache/jdt-language-server/config/org.eclipse.equinox.launcher/org.eclipse.equinox.launcher.gtk.linux.x86_64_1.2.400.v20211117-0650/eclipse_11600.so
7fa16be10000-7fa16be11000 rw-p 00010000 00:bd1 356                       /home/runner/.cache/jdt-language-server/config/org.eclipse.equinox.launcher/org.eclipse.equinox.launcher.gtk.linux.x86_64_1.2.400.v20211117-0650/eclipse_11600.so
7fa16c000000-7fa16c8c3000 rw-p 00000000 00:00 0 
7fa16c8c3000-7fa170000000 ---p 00000000 00:00 0 
7fa170000000-7fa17003a000 rw-p 00000000 00:00 0 
7fa17003a000-7fa174000000 ---p 00000000 00:00 0 
7fa174000000-7fa174021000 rw-p 00000000 00:00 0 
7fa174021000-7fa178000000 ---p 00000000 00:00 0 
7fa178000000-7fa178021000 rw-p 00000000 00:00 0 
7fa178021000-7fa17c000000 ---p 00000000 00:00 0 
7fa17c000000-7fa17c021000 rw-p 00000000 00:00 0 
7fa17c021000-7fa180000000 ---p 00000000 00:00 0 
7fa181100000-7fa181104000 ---p 00000000 00:00 0 
7fa181104000-7fa181200000 rw-p 00000000 00:00 0 
7fa181300000-7fa181304000 ---p 00000000 00:00 0 
7fa181304000-7fa181400000 rw-p 00000000 00:00 0 
7fa181500000-7fa181504000 ---p 00000000 00:00 0 
7fa181504000-7fa181600000 rw-p 00000000 00:00 0 
7fa181700000-7fa181704000 ---p 00000000 00:00 0 
7fa181704000-7fa181800000 rw-p 00000000 00:00 0 
7fa181800000-7fa181804000 ---p 00000000 00:00 0 
7fa181804000-7fa181900000 rw-p 00000000 00:00 0 
7fa181900000-7fa181904000 ---p 00000000 00:00 0 
7fa181904000-7fa181a00000 rw-p 00000000 00:00 0 
7fa181b00000-7fa181b04000 ---p 00000000 00:00 0 
7fa181b04000-7fa181c00000 rw-p 00000000 00:00 0 
7fa181d00000-7fa181d04000 ---p 00000000 00:00 0 
7fa181d04000-7fa181e00000 rw-p 00000000 00:00 0 
7fa181f00000-7fa181f04000 ---p 00000000 00:00 0 
7fa181f04000-7fa182000000 rw-p 00000000 00:00 0 
7fa182100000-7fa182104000 ---p 00000000 00:00 0 
7fa182104000-7fa182200000 rw-p 00000000 00:00 0 
7fa182300000-7fa182304000 ---p 00000000 00:00 0 
7fa182304000-7fa182400000 rw-p 00000000 00:00 0 
7fa182500000-7fa182504000 ---p 00000000 00:00 0 
7fa182504000-7fa182600000 rw-p 00000000 00:00 0 
7fa182600000-7fa182604000 ---p 00000000 00:00 0 
7fa182604000-7fa182700000 rw-p 00000000 00:00 0 
7fa182700000-7fa182704000 ---p 00000000 00:00 0 
7fa182704000-7fa182800000 rw-p 00000000 00:00 0 
7fa182900000-7fa182904000 ---p 00000000 00:00 0 
7fa182904000-7fa182a00000 rw-p 00000000 00:00 0 
7fa182b00000-7fa182b04000 ---p 00000000 00:00 0 
7fa182b04000-7fa182c00000 rw-p 00000000 00:00 0 
7fa182c00000-7fa182c04000 ---p 00000000 00:00 0 
7fa182c04000-7fa182d00000 rw-p 00000000 00:00 0 
7fa182d00000-7fa182d04000 ---p 00000000 00:00 0 
7fa182d04000-7fa182e00000 rw-p 00000000 00:00 0 
7fa183a68000-7fa183f00000 rw-p 00000000 00:00 0 
7fa184000000-7fa184021000 rw-p 00000000 00:00 0 
7fa184021000-7fa188000000 ---p 00000000 00:00 0 
7fa188000000-7fa188021000 rw-p 00000000 00:00 0 
7fa188021000-7fa18c000000 ---p 00000000 00:00 0 
7fa18c000000-7fa18c051000 rw-p 00000000 00:00 0 
7fa18c051000-7fa190000000 ---p 00000000 00:00 0 
7fa190000000-7fa190021000 rw-p 00000000 00:00 0 
7fa190021000-7fa194000000 ---p 00000000 00:00 0 
7fa194000000-7fa1940cf000 rw-p 00000000 00:00 0 
7fa1940cf000-7fa198000000 ---p 00000000 00:00 0 
7fa198000000-7fa198b5c000 rw-p 00000000 00:00 0 
7fa198b5c000-7fa19c000000 ---p 00000000 00:00 0 
7fa19c000000-7fa19c021000 rw-p 00000000 00:00 0 
7fa19c021000-7fa1a0000000 ---p 00000000 00:00 0 
7fa1a0000000-7fa1a0021000 rw-p 00000000 00:00 0 
7fa1a0021000-7fa1a4000000 ---p 00000000 00:00 0 
7fa1a4000000-7fa1a4021000 rw-p 00000000 00:00 0 
7fa1a4021000-7fa1a8000000 ---p 00000000 00:00 0 
7fa1a8000000-7fa1a8021000 rw-p 00000000 00:00 0 
7fa1a8021000-7fa1ac000000 ---p 00000000 00:00 0 
7fa1ac000000-7fa1ac021000 rw-p 00000000 00:00 0 
7fa1ac021000-7fa1b0000000 ---p 00000000 00:00 0 
7fa1b0000000-7fa1b0021000 rw-p 00000000 00:00 0 
7fa1b0021000-7fa1b4000000 ---p 00000000 00:00 0 
7fa1b4000000-7fa1b405a000 rw-p 00000000 00:00 0 
7fa1b405a000-7fa1b8000000 ---p 00000000 00:00 0 
7fa1b8100000-7fa1b8104000 ---p 00000000 00:00 0 
7fa1b8104000-7fa1b8200000 rw-p 00000000 00:00 0 
7fa1b8300000-7fa1b8304000 ---p 00000000 00:00 0 
7fa1b8304000-7fa1b8400000 rw-p 00000000 00:00 0 
7fa1b8500000-7fa1b8504000 ---p 00000000 00:00 0 
7fa1b8504000-7fa1b8600000 rw-p 00000000 00:00 0 
7fa1b8700000-7fa1b8704000 ---p 00000000 00:00 0 
7fa1b8704000-7fa1b8800000 rw-p 00000000 00:00 0 
7fa1b88de000-7fa1b88e2000 ---p 00000000 00:00 0 
7fa1b88e2000-7fa1b89de000 rw-p 00000000 00:00 0 
7fa1b89de000-7fa1b89e2000 ---p 00000000 00:00 0 
7fa1b89e2000-7fa1b8a00000 rw-p 00000000 00:00 0 
7fa1b8a00000-7fa1bab6a000 r-xp 00000000 00:c08 4611686019135190040       /nix/store/gpxl5qgg8kicmcvivwmybwjlpf7wh20l-graalvm17-ce-22.3.0/lib/libjvmcicompiler.so
7fa1bab6a000-7fa1bad69000 ---p 0216a000 00:c08 4611686019135190040       /nix/store/gpxl5qgg8kicmcvivwmybwjlpf7wh20l-graalvm17-ce-22.3.0/lib/libjvmcicompiler.so
7fa1bad69000-7fa1bad6a000 r--p 02169000 00:c08 4611686019135190040       /nix/store/gpxl5qgg8kicmcvivwmybwjlpf7wh20l-graalvm17-ce-22.3.0/lib/libjvmcicompiler.so
7fa1bad6a000-7fa1bad6c000 rw-p 0216a000 00:c08 4611686019135190040       /nix/store/gpxl5qgg8kicmcvivwmybwjlpf7wh20l-graalvm17-ce-22.3.0/lib/libjvmcicompiler.so
7fa1bad6c000-7fa1bad6d000 rw-p 00000000 00:00 0 
7fa1bad6d000-7fa1bad72000 rw-p 023c3000 00:c08 4611686019135190040       /nix/store/gpxl5qgg8kicmcvivwmybwjlpf7wh20l-graalvm17-ce-22.3.0/lib/libjvmcicompiler.so
7fa1bad8a000-7fa1bad91000 r-xp 00000000 00:c08 4611686019135192580       /nix/store/gpxl5qgg8kicmcvivwmybwjlpf7wh20l-graalvm17-ce-22.3.0/lib/libzip.so
7fa1bad91000-7fa1bad92000 ---p 00007000 00:c08 4611686019135192580       /nix/store/gpxl5qgg8kicmcvivwmybwjlpf7wh20l-graalvm17-ce-22.3.0/lib/libzip.so
7fa1bad92000-7fa1bad93000 r--p 00007000 00:c08 4611686019135192580       /nix/store/gpxl5qgg8kicmcvivwmybwjlpf7wh20l-graalvm17-ce-22.3.0/lib/libzip.so
7fa1bad93000-7fa1bad94000 rw-p 00008000 00:c08 4611686019135192580       /nix/store/gpxl5qgg8kicmcvivwmybwjlpf7wh20l-graalvm17-ce-22.3.0/lib/libzip.so
7fa1bad94000-7fa1bad96000 rw-p 0000b000 00:c08 4611686019135192580       /nix/store/gpxl5qgg8kicmcvivwmybwjlpf7wh20l-graalvm17-ce-22.3.0/lib/libzip.so
7fa1bad96000-7fa1badab000 r-xp 00000000 00:c08 4611686019135192570       /nix/store/gpxl5qgg8kicmcvivwmybwjlpf7wh20l-graalvm17-ce-22.3.0/lib/libnet.so
7fa1badab000-7fa1badac000 ---p 00015000 00:c08 4611686019135192570       /nix/store/gpxl5qgg8kicmcvivwmybwjlpf7wh20l-graalvm17-ce-22.3.0/lib/libnet.so
7fa1badac000-7fa1badad000 r--p 00015000 00:c08 4611686019135192570       /nix/store/gpxl5qgg8kicmcvivwmybwjlpf7wh20l-graalvm17-ce-22.3.0/lib/libnet.so
7fa1badad000-7fa1badae000 rw-p 00016000 00:c08 4611686019135192570       /nix/store/gpxl5qgg8kicmcvivwmybwjlpf7wh20l-graalvm17-ce-22.3.0/lib/libnet.so
7fa1badae000-7fa1badb1000 rw-p 0001b000 00:c08 4611686019135192570       /nix/store/gpxl5qgg8kicmcvivwmybwjlpf7wh20l-graalvm17-ce-22.3.0/lib/libnet.so
7fa1badb1000-7fa1badb2000 ---p 00000000 00:00 0 
7fa1badb2000-7fa1baeb3000 rw-p 00000000 00:00 0 
7fa1baeb3000-7fa1baeb7000 ---p 00000000 00:00 0 
7fa1baeb7000-7fa1bafb3000 rw-p 00000000 00:00 0 
7fa1bafb3000-7fa1bafb7000 ---p 00000000 00:00 0 
7fa1bafb7000-7fa1bb0b3000 rw-p 00000000 00:00 0 
7fa1bb0b3000-7fa1bb0b7000 ---p 00000000 00:00 0 
7fa1bb0b7000-7fa1bb2b3000 rw-p 00000000 00:00 0 
7fa1bb2b3000-7fa1bb2b7000 ---p 00000000 00:00 0 
7fa1bb2b7000-7fa1bb4b3000 rw-p 00000000 00:00 0 
7fa1bb4b3000-7fa1bb723000 rwxp 00000000 00:00 0 
7fa1bb723000-7fa1bba42000 ---p 00000000 00:00 0 
7fa1bba42000-7fa1bca52000 rwxp 00000000 00:00 0 
7fa1bca52000-7fa1c2f7a000 ---p 00000000 00:00 0 
7fa1c2f7a000-7fa1c31fa000 rwxp 00000000 00:00 0 
7fa1c31fa000-7fa1ca4b3000 ---p 00000000 00:00 0 
7fa1ca4b3000-7fa1d4000000 r--s 00000000 00:c08 4611686019135192581       /nix/store/gpxl5qgg8kicmcvivwmybwjlpf7wh20l-graalvm17-ce-22.3.0/lib/modules
7fa1d4000000-7fa1d4639000 rw-p 00000000 00:00 0 
7fa1d4639000-7fa1d8000000 ---p 00000000 00:00 0 
7fa1d8000000-7fa1d8013000 r-xp 00000000 00:c08 4611686019135192571       /nix/store/gpxl5qgg8kicmcvivwmybwjlpf7wh20l-graalvm17-ce-22.3.0/lib/libnio.so
7fa1d8013000-7fa1d8014000 r--p 00012000 00:c08 4611686019135192571       /nix/store/gpxl5qgg8kicmcvivwmybwjlpf7wh20l-graalvm17-ce-22.3.0/lib/libnio.so
7fa1d8014000-7fa1d8015000 rw-p 00013000 00:c08 4611686019135192571       /nix/store/gpxl5qgg8kicmcvivwmybwjlpf7wh20l-graalvm17-ce-22.3.0/lib/libnio.so
7fa1d8015000-7fa1d801a000 rw-p 00019000 00:c08 4611686019135192571       /nix/store/gpxl5qgg8kicmcvivwmybwjlpf7wh20l-graalvm17-ce-22.3.0/lib/libnio.so
7fa1d801a000-7fa1d801e000 ---p 00000000 00:00 0 
7fa1d801e000-7fa1d811a000 rw-p 00000000 00:00 0 
7fa1d811a000-7fa1d811e000 ---p 00000000 00:00 0 
7fa1d811e000-7fa1d821a000 rw-p 00000000 00:00 0 
7fa1d821a000-7fa1d821e000 ---p 00000000 00:00 0 
7fa1d821e000-7fa1d831a000 rw-p 00000000 00:00 0 
7fa1d831a000-7fa1d831e000 ---p 00000000 00:00 0 
7fa1d831e000-7fa1d841a000 rw-p 00000000 00:00 0 
7fa1d841a000-7fa1d8700000 r--p 00000000 00:b88 28444448                  /usr/lib/locale/locale-archive
7fa1d8700000-7fa1d8704000 ---p 00000000 00:00 0 
7fa1d8704000-7fa1d8c00000 rw-p 00000000 00:00 0 
7fa1d8c00000-7fa1d8f00000 rw-p 00000000 00:00 0 
7fa1d8f00000-7fa1d9000000 rw-p 00000000 00:00 0 
7fa1d9001000-7fa1d9003000 r-xp 00000000 00:c08 4611686019135190017       /nix/store/gpxl5qgg8kicmcvivwmybwjlpf7wh20l-graalvm17-ce-22.3.0/lib/libextnet.so
7fa1d9003000-7fa1d9004000 r--p 00001000 00:c08 4611686019135190017       /nix/store/gpxl5qgg8kicmcvivwmybwjlpf7wh20l-graalvm17-ce-22.3.0/lib/libextnet.so
7fa1d9004000-7fa1d9005000 rw-p 00002000 00:c08 4611686019135190017       /nix/store/gpxl5qgg8kicmcvivwmybwjlpf7wh20l-graalvm17-ce-22.3.0/lib/libextnet.so
7fa1d9005000-7fa1d9006000 rw-p 00004000 00:c08 4611686019135190017       /nix/store/gpxl5qgg8kicmcvivwmybwjlpf7wh20l-graalvm17-ce-22.3.0/lib/libextnet.so
7fa1d9006000-7fa1d900a000 ---p 00000000 00:00 0 
7fa1d900a000-7fa1d9106000 rw-p 00000000 00:00 0 
7fa1d9106000-7fa1d9107000 ---p 00000000 00:00 0 
7fa1d9107000-7fa1d9208000 rw-p 00000000 00:00 0 
7fa1d9208000-7fa1d92d6000 r-xp 00000000 00:c08 4611686019135190036       /nix/store/gpxl5qgg8kicmcvivwmybwjlpf7wh20l-graalvm17-ce-22.3.0/lib/libjsvml.so
7fa1d92d6000-7fa1d92d7000 r--p 000cd000 00:c08 4611686019135190036       /nix/store/gpxl5qgg8kicmcvivwmybwjlpf7wh20l-graalvm17-ce-22.3.0/lib/libjsvml.so
7fa1d92d7000-7fa1d92d8000 rw-p 000ce000 00:c08 4611686019135190036       /nix/store/gpxl5qgg8kicmcvivwmybwjlpf7wh20l-graalvm17-ce-22.3.0/lib/libjsvml.so
7fa1d92d8000-7fa1dabb0000 rw-p 00000000 00:00 0 
7fa1dabb0000-7fa1dabb1000 ---p 00000000 00:00 0 
7fa1dabb1000-7fa1dad5c000 rw-p 00000000 00:00 0 
7fa1dad5c000-7fa1dad77000 rw-p 00000000 00:00 0 
7fa1dad77000-7fa1dadb2000 ---p 00000000 00:00 0 
7fa1dadb2000-7fa1dadb8000 rw-p 00000000 00:00 0 
7fa1dadb8000-7fa1dae9e000 ---p 00000000 00:00 0 
7fa1dae9e000-7fa1daebf000 rw-p 00000000 00:00 0 
7fa1daebf000-7fa1daf89000 ---p 00000000 00:00 0 
7fa1daf89000-7fa1daf8e000 rw-p 00000000 00:00 0 
7fa1daf8e000-7fa1daf95000 ---p 00000000 00:00 0 
7fa1daf95000-7fa1dafb9000 r-xp 00000000 00:c08 4611686019135190028       /nix/store/gpxl5qgg8kicmcvivwmybwjlpf7wh20l-graalvm17-ce-22.3.0/lib/libjava.so
7fa1dafb9000-7fa1dafba000 ---p 00024000 00:c08 4611686019135190028       /nix/store/gpxl5qgg8kicmcvivwmybwjlpf7wh20l-graalvm17-ce-22.3.0/lib/libjava.so
7fa1dafba000-7fa1dafbb000 r--p 00024000 00:c08 4611686019135190028       /nix/store/gpxl5qgg8kicmcvivwmybwjlpf7wh20l-graalvm17-ce-22.3.0/lib/libjava.so
7fa1dafbb000-7fa1dafbc000 rw-p 00025000 00:c08 4611686019135190028       /nix/store/gpxl5qgg8kicmcvivwmybwjlpf7wh20l-graalvm17-ce-22.3.0/lib/libjava.so
7fa1dafbc000-7fa1dafbd000 rw-p 00000000 00:00 0 
7fa1dafbd000-7fa1dafc4000 rw-p 0002f000 00:c08 4611686019135190028       /nix/store/gpxl5qgg8kicmcvivwmybwjlpf7wh20l-graalvm17-ce-22.3.0/lib/libjava.so
7fa1dafc4000-7fa1dafcc000 rw-s 00000000 00:870 353                       /tmp/hsperfdata_runner/31
7fa1dafcc000-7fa1dafcd000 ---p 00000000 00:00 0 
7fa1dafcd000-7fa1dafce000 r--p 00000000 00:00 0 
7fa1dafce000-7fa1dafcf000 rwxp 00000000 00:00 0 
7fa1dafcf000-7fa1dafea000 r-xp 00000000 00:c08 4611686019135190032       /nix/store/gpxl5qgg8kicmcvivwmybwjlpf7wh20l-graalvm17-ce-22.3.0/lib/libjimage.so
7fa1dafea000-7fa1dafeb000 ---p 0001b000 00:c08 4611686019135190032       /nix/store/gpxl5qgg8kicmcvivwmybwjlpf7wh20l-graalvm17-ce-22.3.0/lib/libjimage.so
7fa1dafeb000-7fa1dafed000 r--p 0001b000 00:c08 4611686019135190032       /nix/store/gpxl5qgg8kicmcvivwmybwjlpf7wh20l-graalvm17-ce-22.3.0/lib/libjimage.so
7fa1dafed000-7fa1dafee000 rw-p 0001d000 00:c08 4611686019135190032       /nix/store/gpxl5qgg8kicmcvivwmybwjlpf7wh20l-graalvm17-ce-22.3.0/lib/libjimage.so
7fa1dafee000-7fa1dafef000 rw-p 00024000 00:c08 4611686019135190032       /nix/store/gpxl5qgg8kicmcvivwmybwjlpf7wh20l-graalvm17-ce-22.3.0/lib/libjimage.so
7fa1dafef000-7fa1daff3000 ---p 00000000 00:00 0 
7fa1daff3000-7fa1db0ef000 rw-p 00000000 00:00 0 
7fa1db0ef000-7fa1db0fd000 r--p 00000000 00:c08 4611686019027979927       /nix/store/4nlgxhb09sdr51nc9hdm8az5b08vzkgx-glibc-2.35-163/lib/libm.so.6
7fa1db0fd000-7fa1db170000 r-xp 0000e000 00:c08 4611686019027979927       /nix/store/4nlgxhb09sdr51nc9hdm8az5b08vzkgx-glibc-2.35-163/lib/libm.so.6
7fa1db170000-7fa1db1cd000 r--p 00081000 00:c08 4611686019027979927       /nix/store/4nlgxhb09sdr51nc9hdm8az5b08vzkgx-glibc-2.35-163/lib/libm.so.6
7fa1db1cd000-7fa1db1ce000 r--p 000dd000 00:c08 4611686019027979927       /nix/store/4nlgxhb09sdr51nc9hdm8az5b08vzkgx-glibc-2.35-163/lib/libm.so.6
7fa1db1ce000-7fa1db1cf000 rw-p 000de000 00:c08 4611686019027979927       /nix/store/4nlgxhb09sdr51nc9hdm8az5b08vzkgx-glibc-2.35-163/lib/libm.so.6
7fa1db1cf000-7fa1db1d0000 r--p 00000000 00:c08 4611686019027979946       /nix/store/4nlgxhb09sdr51nc9hdm8az5b08vzkgx-glibc-2.35-163/lib/librt.so.1
7fa1db1d0000-7fa1db1d1000 r-xp 00001000 00:c08 4611686019027979946       /nix/store/4nlgxhb09sdr51nc9hdm8az5b08vzkgx-glibc-2.35-163/lib/librt.so.1
7fa1db1d1000-7fa1db1d2000 r--p 00002000 00:c08 4611686019027979946       /nix/store/4nlgxhb09sdr51nc9hdm8az5b08vzkgx-glibc-2.35-163/lib/librt.so.1
7fa1db1d2000-7fa1db1d3000 r--p 00002000 00:c08 4611686019027979946       /nix/store/4nlgxhb09sdr51nc9hdm8az5b08vzkgx-glibc-2.35-163/lib/librt.so.1
7fa1db1d3000-7fa1db1d4000 rw-p 00003000 00:c08 4611686019027979946       /nix/store/4nlgxhb09sdr51nc9hdm8az5b08vzkgx-glibc-2.35-163/lib/librt.so.1
7fa1db1d4000-7fa1dc2e7000 r-xp 00000000 00:c08 4611686019135360866       /nix/store/gpxl5qgg8kicmcvivwmybwjlpf7wh20l-graalvm17-ce-22.3.0/lib/server/libjvm.so
7fa1dc2e7000-7fa1dc2e8000 ---p 01113000 00:c08 4611686019135360866       /nix/store/gpxl5qgg8kicmcvivwmybwjlpf7wh20l-graalvm17-ce-22.3.0/lib/server/libjvm.so
7fa1dc2e8000-7fa1dc39d000 r--p 01113000 00:c08 4611686019135360866       /nix/store/gpxl5qgg8kicmcvivwmybwjlpf7wh20l-graalvm17-ce-22.3.0/lib/server/libjvm.so
7fa1dc39d000-7fa1dc3d1000 rw-p 011c8000 00:c08 4611686019135360866       /nix/store/gpxl5qgg8kicmcvivwmybwjlpf7wh20l-graalvm17-ce-22.3.0/lib/server/libjvm.so
7fa1dc3d1000-7fa1dc42d000 rw-p 00000000 00:00 0 
7fa1dc42d000-7fa1dc455000 r--p 00000000 00:c08 4611686019027979918       /nix/store/4nlgxhb09sdr51nc9hdm8az5b08vzkgx-glibc-2.35-163/lib/libc.so.6
7fa1dc455000-7fa1dc5cb000 r-xp 00028000 00:c08 4611686019027979918       /nix/store/4nlgxhb09sdr51nc9hdm8az5b08vzkgx-glibc-2.35-163/lib/libc.so.6
7fa1dc5cb000-7fa1dc623000 r--p 0019e000 00:c08 4611686019027979918       /nix/store/4nlgxhb09sdr51nc9hdm8az5b08vzkgx-glibc-2.35-163/lib/libc.so.6
7fa1dc623000-7fa1dc627000 r--p 001f6000 00:c08 4611686019027979918       /nix/store/4nlgxhb09sdr51nc9hdm8az5b08vzkgx-glibc-2.35-163/lib/libc.so.6
7fa1dc627000-7fa1dc629000 rw-p 001fa000 00:c08 4611686019027979918       /nix/store/4nlgxhb09sdr51nc9hdm8az5b08vzkgx-glibc-2.35-163/lib/libc.so.6
7fa1dc629000-7fa1dc638000 rw-p 00000000 00:00 0 
7fa1dc638000-7fa1dc639000 r--p 00000000 00:c08 4611686019027979923       /nix/store/4nlgxhb09sdr51nc9hdm8az5b08vzkgx-glibc-2.35-163/lib/libdl.so.2
7fa1dc639000-7fa1dc63a000 r-xp 00001000 00:c08 4611686019027979923       /nix/store/4nlgxhb09sdr51nc9hdm8az5b08vzkgx-glibc-2.35-163/lib/libdl.so.2
7fa1dc63a000-7fa1dc63b000 r--p 00002000 00:c08 4611686019027979923       /nix/store/4nlgxhb09sdr51nc9hdm8az5b08vzkgx-glibc-2.35-163/lib/libdl.so.2
7fa1dc63b000-7fa1dc63c000 r--p 00002000 00:c08 4611686019027979923       /nix/store/4nlgxhb09sdr51nc9hdm8az5b08vzkgx-glibc-2.35-163/lib/libdl.so.2
7fa1dc63c000-7fa1dc63d000 rw-p 00003000 00:c08 4611686019027979923       /nix/store/4nlgxhb09sdr51nc9hdm8az5b08vzkgx-glibc-2.35-163/lib/libdl.so.2
7fa1dc63d000-7fa1dc63e000 r--p 00000000 00:c08 4611686019027979942       /nix/store/4nlgxhb09sdr51nc9hdm8az5b08vzkgx-glibc-2.35-163/lib/libpthread.so.0
7fa1dc63e000-7fa1dc63f000 r-xp 00001000 00:c08 4611686019027979942       /nix/store/4nlgxhb09sdr51nc9hdm8az5b08vzkgx-glibc-2.35-163/lib/libpthread.so.0
7fa1dc63f000-7fa1dc640000 r--p 00002000 00:c08 4611686019027979942       /nix/store/4nlgxhb09sdr51nc9hdm8az5b08vzkgx-glibc-2.35-163/lib/libpthread.so.0
7fa1dc640000-7fa1dc641000 r--p 00002000 00:c08 4611686019027979942       /nix/store/4nlgxhb09sdr51nc9hdm8az5b08vzkgx-glibc-2.35-163/lib/libpthread.so.0
7fa1dc641000-7fa1dc642000 rw-p 00003000 00:c08 4611686019027979942       /nix/store/4nlgxhb09sdr51nc9hdm8az5b08vzkgx-glibc-2.35-163/lib/libpthread.so.0
7fa1dc642000-7fa1dc650000 r-xp 00000000 00:c08 4611686019135190033       /nix/store/gpxl5qgg8kicmcvivwmybwjlpf7wh20l-graalvm17-ce-22.3.0/lib/libjli.so
7fa1dc650000-7fa1dc651000 ---p 0000e000 00:c08 4611686019135190033       /nix/store/gpxl5qgg8kicmcvivwmybwjlpf7wh20l-graalvm17-ce-22.3.0/lib/libjli.so
7fa1dc651000-7fa1dc652000 r--p 0000e000 00:c08 4611686019135190033       /nix/store/gpxl5qgg8kicmcvivwmybwjlpf7wh20l-graalvm17-ce-22.3.0/lib/libjli.so
7fa1dc652000-7fa1dc653000 rw-p 0000f000 00:c08 4611686019135190033       /nix/store/gpxl5qgg8kicmcvivwmybwjlpf7wh20l-graalvm17-ce-22.3.0/lib/libjli.so
7fa1dc653000-7fa1dc654000 rw-p 00012000 00:c08 4611686019135190033       /nix/store/gpxl5qgg8kicmcvivwmybwjlpf7wh20l-graalvm17-ce-22.3.0/lib/libjli.so
7fa1dc654000-7fa1dc657000 r--p 00000000 00:c08 4611686019106210071       /nix/store/026hln0aq1hyshaxsdvhg0kmcm6yf45r-zlib-1.2.13/lib/libz.so.1.2.13
7fa1dc657000-7fa1dc669000 r-xp 00003000 00:c08 4611686019106210071       /nix/store/026hln0aq1hyshaxsdvhg0kmcm6yf45r-zlib-1.2.13/lib/libz.so.1.2.13
7fa1dc669000-7fa1dc670000 r--p 00015000 00:c08 4611686019106210071       /nix/store/026hln0aq1hyshaxsdvhg0kmcm6yf45r-zlib-1.2.13/lib/libz.so.1.2.13
7fa1dc670000-7fa1dc671000 r--p 0001b000 00:c08 4611686019106210071       /nix/store/026hln0aq1hyshaxsdvhg0kmcm6yf45r-zlib-1.2.13/lib/libz.so.1.2.13
7fa1dc671000-7fa1dc672000 rw-p 0001c000 00:c08 4611686019106210071       /nix/store/026hln0aq1hyshaxsdvhg0kmcm6yf45r-zlib-1.2.13/lib/libz.so.1.2.13
7fa1dc672000-7fa1dc674000 rw-p 00000000 00:00 0 
7fa1dc674000-7fa1dc676000 r--p 00000000 00:c08 4611686019027979912       /nix/store/4nlgxhb09sdr51nc9hdm8az5b08vzkgx-glibc-2.35-163/lib/ld-linux-x86-64.so.2
7fa1dc676000-7fa1dc69d000 r-xp 00002000 00:c08 4611686019027979912       /nix/store/4nlgxhb09sdr51nc9hdm8az5b08vzkgx-glibc-2.35-163/lib/ld-linux-x86-64.so.2
7fa1dc69d000-7fa1dc6a9000 r--p 00029000 00:c08 4611686019027979912       /nix/store/4nlgxhb09sdr51nc9hdm8az5b08vzkgx-glibc-2.35-163/lib/ld-linux-x86-64.so.2
7fa1dc6a9000-7fa1dc6ab000 r--p 00034000 00:c08 4611686019027979912       /nix/store/4nlgxhb09sdr51nc9hdm8az5b08vzkgx-glibc-2.35-163/lib/ld-linux-x86-64.so.2
7fa1dc6ab000-7fa1dc6ad000 rw-p 00036000 00:c08 4611686019027979912       /nix/store/4nlgxhb09sdr51nc9hdm8az5b08vzkgx-glibc-2.35-163/lib/ld-linux-x86-64.so.2
7ffd624cd000-7ffd624f2000 rw-p 00000000 00:00 0                          [stack]
7ffd62587000-7ffd6258b000 r--p 00000000 00:00 0                          [vvar]
7ffd6258b000-7ffd6258d000 r-xp 00000000 00:00 0                          [vdso]
ffffffffff600000-ffffffffff601000 --xp 00000000 00:00 0                  [vsyscall]


VM Arguments:
jvm_args: -XX:ThreadPriorityPolicy=1 -XX:+UnlockExperimentalVMOptions -XX:+EnableJVMCIProduct -XX:JVMCIThreadsPerNativeLibraryRuntime=1 -XX:-UnlockExperimentalVMOptions -Declipse.application=org.eclipse.jdt.ls.core.id1 -Dosgi.bundles.defaultStartLevel=4 -Declipse.product=org.eclipse.jdt.ls.core.product -Dlog.level=ALL -Xverify:none -XX:+UseParallelGC -XX:GCTimeRatio=4 -XX:AdaptiveSizePolicyWeight=90 -Dsun.zip.disableMemoryMapping=true -Xmx512m -Xms100m 
java_command: /nix/store/m6gcpi1ii6rghy04cjwjddcavv7i90df-jdt-language-server-1.9.0/share/java/plugins/org.eclipse.equinox.launcher_1.6.400.v20210924-0641.jar --add-modules=ALL-SYSTEM --add-opens java.base/java.util=ALL-UNNAMED --add-opens java.base/java.lang=ALL-UNNAMED -configuration /home/runner/.cache/jdt-language-server/config -data /home/runner/.cache/jdt-language-server/data/home/runner/testquestions
java_class_path (initial): /nix/store/m6gcpi1ii6rghy04cjwjddcavv7i90df-jdt-language-server-1.9.0/share/java/plugins/org.eclipse.equinox.launcher_1.6.400.v20210924-0641.jar
Launcher Type: SUN_STANDARD

[Global flags]
    uintx AdaptiveSizePolicyWeight                 = 90                                        {product} {command line}
     intx CICompilerCount                          = 2                                         {product} {ergonomic}
     bool EnableJVMCIProduct                       = true                                {JVMCI product} {jimage}
    uintx GCTimeRatio                              = 4                                         {product} {command line}
   size_t InitialHeapSize                          = 104857600                                 {product} {command line}
     uint JVMCIThreadsPerNativeLibraryRuntime      = 1                                   {JVMCI product} {jimage}
   size_t MaxHeapSize                              = 536870912                                 {product} {command line}
   size_t MaxNewSize                               = 178782208                                 {product} {ergonomic}
   size_t MinHeapDeltaBytes                        = 524288                                    {product} {ergonomic}
   size_t MinHeapSize                              = 104857600                                 {product} {command line}
   size_t NewSize                                  = 34603008                                  {product} {ergonomic}
    uintx NonNMethodCodeHeapSize                   = 5826188                                {pd product} {ergonomic}
    uintx NonProfiledCodeHeapSize                  = 122916026                              {pd product} {ergonomic}
   size_t OldSize                                  = 70254592                                  {product} {ergonomic}
    uintx ProfiledCodeHeapSize                     = 122916026                              {pd product} {ergonomic}
    uintx ReservedCodeCacheSize                    = 251658240                              {pd product} {ergonomic}
     bool SegmentedCodeCache                       = true                                      {product} {ergonomic}
   size_t SoftMaxHeapSize                          = 536870912                              {manageable} {ergonomic}
     intx ThreadPriorityPolicy                     = 1                                         {product} {jimage}
     bool UseCompressedClassPointers               = true                           {product lp64_product} {ergonomic}
     bool UseCompressedOops                        = true                           {product lp64_product} {ergonomic}
     bool UseParallelGC                            = true                                      {product} {command line}

Logging:
Log output configuration:
 #0: stdout all=warning uptime,level,tags
 #1: stderr all=off uptime,level,tags

Environment Variables:
JAVA_HOME=/nix/store/gpxl5qgg8kicmcvivwmybwjlpf7wh20l-graalvm17-ce-22.3.0
PATH=/nix/store/1d6ian3r8kdzspw8hacjhl3xkp40g1lj-binutils-wrapper-2.39/bin:/nix/store/dq0xwmsk1g0i2ayg6pb7y87na2knzylh-gcc-wrapper-11.3.0/bin:/nix/store/bap4d0lpcrhpwmpb8ayjcgkmvfj62lnq-bash-interactive-5.1-p16/bin:/nix/store/pr5n59mb4jzmfx6kanwxly0l07p861fg-patchelf-0.15.0/bin:/nix/store/1gf2flfqnpqbr1b4p4qz2f72y42bs56r-gcc-11.3.0/bin:/nix/store/57xv61c5zi8pphjbcwxxjlgc34p61ic9-glibc-2.35-163-bin/bin:/nix/store/a7gvj343m05j2s32xcnwr35v31ynlypr-coreutils-9.1/bin:/nix/store/039g378vc3pc3dvi9dzdlrd0i4q93qwf-binutils-2.39/bin:/nix/store/gpxl5qgg8kicmcvivwmybwjlpf7wh20l-graalvm17-ce-22.3.0/bin:/nix/store/6z9ag3ihc8mq2hzsw48lhbznvzny65nz-apache-maven-3.8.6/bin:/nix/store/m6gcpi1ii6rghy04cjwjddcavv7i90df-jdt-language-server-1.9.0/bin:/nix/store/84xs5alhs01zrbr4ywm05kxbjbp5590l-java-debug/bin:/nix/store/mydc6f4k2z73xlcz7ilif3v2lcaiqvza-findutils-4.9.0/bin:/nix/store/j9p3g8472iijd50vhdprx0nmk2fqn5gv-diffutils-3.8/bin:/nix/store/89zs7rms6x00xfq4dq6m7mjnhkr8a6r4-gnused-4.8/bin:/nix/store/86bp03jkmsl6f92w0yzg4s59g5mhxwmy-gnugrep-3.7/bin:/nix/store/hwcdqw4jrjnd37wxqgsd47hd0j8bnj09-gawk-5.1.1/bin:/nix/store/cfbhw8r8ags41vwqaz47r583d0p4h4a1-gnutar-1.34/bin:/nix/store/p3m1ndl1lapwrlh698bnb5lvvxh67378-gzip-1.12/bin:/nix/store/a8mhcagrsly7c7mpjrpsnaahk4aax056-bzip2-1.0.8-bin/bin:/nix/store/mblgz65m3zv9x548a3d5m96fj2pbwr09-gnumake-4.3/bin:/nix/store/dsd5gz46hdbdk2rfdimqddhq6m8m8fqs-bash-5.1-p16/bin:/nix/store/v7ljksji50mg3w61dykaa3n3y79n6nil-patch-2.7.6/bin:/nix/store/zlcnmqq14jz5x9439jf937mvayyl63da-xz-5.2.7-bin/bin:/nix/store/y6aj732zm9m87c82fpvf103a1xb22blp-file-5.43/bin:/nix/store/i4kzir3m7mrisxmf5xvlnkw01x4qaqr4-prybar-elisp-0.0.0-e0d9a52/bin:/nix/store/lwwivxf6h7x3cvxp9zv8sj0mv7dak99r-prybar-lua-0.0.0-e0d9a52/bin:/nix/store/gxj28g1cg4hq3qanmjv07156h800qr58-prybar-python3-0.0.0-e0d9a52/bin:/nix/store/hshkjnxrgidigf8x75vg6lqng2xlx9i3-prybar-sqlite-0.0.0-e0d9a52/bin:/nix/store/c4w01bpjgyy5ixmwdk8m1pw87zq4sl26-prybar-tcl-0.0.0-e0d9a52/bin:/nix/store/hpbvrlwd5viqmvcaisb3x0118i913a9n-st
LD_LIBRARY_PATH=/nix/store/a4pff549sk2idnkpzk5nsfps3mdkdnvm-cups-2.4.2-lib/lib:/nix/store/72mqxxhh3cy5yifh92wh2yb8cl2hikyy-cairo-1.16.0/lib:/nix/store/2k366jrbsra97gjfxwvrhvixjfxdach5-glib-2.74.1/lib:/nix/store/2j2znigd8ak37rlwh9khz0ry3clqlw1l-gtk+3-3.24.34/lib:/nix/store/hisqvx32cd57apbpcsnkpx6k3549wql1-libglvnd-1.4.0/lib:/nix/store/p36pgcv991mq5srvg765b78yqpxvk3qs-mesa-21.3.3-drivers/lib:/nix/store/mav4251if1ahjq5vkpwycyyvnmy459c4-pulseaudio-14.2/lib
DISPLAY=:0
LANG=en_US.UTF-8

Signal Handlers:
   SIGSEGV: crash_handler in libjvm.so, mask=11100100010111111101111111111110, flags=SA_RESTART|SA_SIGINFO
    SIGBUS: crash_handler in libjvm.so, mask=11100100010111111101111111111110, flags=SA_RESTART|SA_SIGINFO
    SIGFPE: crash_handler in libjvm.so, mask=11100100010111111101111111111110, flags=SA_RESTART|SA_SIGINFO
   SIGPIPE: IsolateEnterStub_IgnoreSIGPIPEStartupHook_noopSignalHandler_8f19bff2f35b5f630d83b364d6b2339320d4ec70_216e8361c6bc87a8f89f58cc10d3b2fd4415bf87 in libjvmcicompiler.so, mask=00000000000000000000000000000000, flags=SA_RESTART
  *** Handler was modified!
  *** Expected: javaSignalHandler in libjvm.so, mask=11100100110111111111111111111110, flags=SA_RESTART|SA_SIGINFO
   SIGXFSZ: javaSignalHandler in libjvm.so, mask=11100100010111111101111111111110, flags=SA_RESTART|SA_SIGINFO
    SIGILL: crash_handler in libjvm.so, mask=11100100010111111101111111111110, flags=SA_RESTART|SA_SIGINFO
   SIGUSR2: SR_handler in libjvm.so, mask=00000000000000000000000000000000, flags=SA_RESTART|SA_SIGINFO
    SIGHUP: UserHandler in libjvm.so, mask=11100100010111111101111111111110, flags=SA_RESTART|SA_SIGINFO
    SIGINT: UserHandler in libjvm.so, mask=11100100010111111101111111111110, flags=SA_RESTART|SA_SIGINFO
   SIGTERM: UserHandler in libjvm.so, mask=11100100010111111101111111111110, flags=SA_RESTART|SA_SIGINFO
   SIGQUIT: UserHandler in libjvm.so, mask=11100100010111111101111111111110, flags=SA_RESTART|SA_SIGINFO
  *** Handler was modified!
  *** Expected: javaSignalHandler in libjvm.so, mask=11100100110111111111111111111110, flags=SA_RESTART|SA_SIGINFO
   SIGTRAP: crash_handler in libjvm.so, mask=11100100010111111101111111111110, flags=SA_RESTART|SA_SIGINFO


---------------  S Y S T E M  ---------------

OS:
DISTRIB_ID=Ubuntu
DISTRIB_RELEASE=20.04
DISTRIB_CODENAME=focal
DISTRIB_DESCRIPTION="Ubuntu 20.04.2 LTS"
uname: Linux 5.15.0-1032-gcp #40~20.04.1-Ubuntu SMP Tue Apr 11 02:49:52 UTC 2023 x86_64
OS uptime: 0 days 2:56 hours
libc: glibc 2.35 NPTL 2.35 
rlimit (soft/hard): STACK 8192k/infinity , CORE infinity/infinity , NPROC infinity/infinity , NOFILE 5242/5242 , AS infinity/infinity , CPU infinity/infinity , DATA infinity/infinity , FSIZE infinity/infinity , MEMLOCK 64k/64k
load average: 10.45 13.39 13.36

/proc/meminfo:
MemTotal:       65852692 kB
MemFree:        21505292 kB
MemAvailable:   43908736 kB
Buffers:         2105452 kB
Cached:         19334248 kB
SwapCached:            0 kB
Active:          7856652 kB
Inactive:       32774852 kB
Active(anon):      13332 kB
Inactive(anon): 19037696 kB
Active(file):    7843320 kB
Inactive(file): 13737156 kB
Unevictable:       43652 kB
Mlocked:           43652 kB
SwapTotal:             0 kB
SwapFree:              0 kB
Dirty:              3008 kB
Writeback:             0 kB
AnonPages:      18370212 kB
Mapped:          2021396 kB
Shmem:             52644 kB
KReclaimable:    1549728 kB
Slab:            2733252 kB
SReclaimable:    1549728 kB
SUnreclaim:      1183524 kB
KernelStack:      389376 kB
PageTables:       163800 kB
NFS_Unstable:          0 kB
Bounce:                0 kB
WritebackTmp:          0 kB
CommitLimit:    32926344 kB
Committed_AS:   54638544 kB
VmallocTotal:   34359738367 kB
VmallocUsed:      426644 kB
VmallocChunk:          0 kB
Percpu:            58592 kB
HardwareCorrupted:     0 kB
AnonHugePages:   6531072 kB
ShmemHugePages:        0 kB
ShmemPmdMapped:        0 kB
FileHugePages:         0 kB
FilePmdMapped:         0 kB
HugePages_Total:       0
HugePages_Free:        0
HugePages_Rsvd:        0
HugePages_Surp:        0
Hugepagesize:       2048 kB
Hugetlb:               0 kB
DirectMap4k:     3949368 kB
DirectMap2M:    41136128 kB
DirectMap1G:    24117248 kB

/sys/kernel/mm/transparent_hugepage/enabled: always [madvise] never
/sys/kernel/mm/transparent_hugepage/defrag (defrag/compaction efforts parameter): always defer defer+madvise [madvise] never

Process Memory:
Virtual Size: 4855424K (peak: 4928320K)
Resident Set Size: 748744K (peak: 785032K) (anon: 551980K, file: 196764K, shmem: 0K)
Swapped out: 0K
C-Heap outstanding allocations: 43479K, retained: 12540K
glibc malloc tunables: (default)

/proc/sys/kernel/threads-max (system-wide limit on the number of threads): 514406
/proc/sys/vm/max_map_count (maximum number of memory map areas a process may have): 65530
/proc/sys/kernel/pid_max (system-wide limit on number of process identifiers): 4194304

container (cgroup) information:
container_type: cgroupv1
cpu_cpuset_cpus: 2-7
cpu_memory_nodes: 0
active_processor_count: 1
cpu_quota: 50000
cpu_period: 100000
cpu_shares: 512
memory_limit_in_bytes: 1048576 k
memory_and_swap_limit_in_bytes: 1048576 k
memory_soft_limit_in_bytes: 524288 k
memory_usage_in_bytes: 606080 k
memory_max_usage_in_bytes: 653000 k
maximum number of tasks: 1000
current number of tasks: 46

KVM virtualization detected
Steal ticks since vm start: 0
Steal ticks percentage since vm start:  0.000

CPU: total 8 (initial active 1) (8 cores per cpu, 2 threads per core) family 23 model 49 stepping 0 microcode 0xffffffff, cx8, cmov, fxsr, ht, mmx, 3dnowpref, sse, sse2, sse3, ssse3, sse4a, sse4.1, sse4.2, popcnt, lzcnt, tsc, tscinvbit, avx, avx2, aes, clmul, bmi1, bmi2, adx, sha, fma, vzeroupper, clflush, clflushopt, hv
CPU Model and flags from /proc/cpuinfo:
model name	: AMD EPYC 7B12
flags		: fpu vme de pse tsc msr pae mce cx8 apic sep mtrr pge mca cmov pat pse36 clflush mmx fxsr sse sse2 ht syscall nx mmxext fxsr_opt pdpe1gb rdtscp lm constant_tsc rep_good nopl nonstop_tsc cpuid extd_apicid tsc_known_freq pni pclmulqdq ssse3 fma cx16 sse4_1 sse4_2 movbe popcnt aes xsave avx f16c rdrand hypervisor lahf_lm cmp_legacy cr8_legacy abm sse4a misalignsse 3dnowprefetch osvw topoext ssbd ibrs ibpb stibp vmmcall fsgsbase tsc_adjust bmi1 avx2 smep bmi2 rdseed adx smap clflushopt clwb sha_ni xsaveopt xsavec xgetbv1 clzero xsaveerptr arat npt nrip_save umip rdpid

Online cpus: 0-7
Offline cpus: 
BIOS frequency limitation: <Not Available>
Frequency switch latency (ns): <Not Available>
Available cpu frequencies: <Not Available>
Current governor: <Not Available>
Core performance/turbo boost: <Not Available>

Memory: 4k page, physical 1048576k(442488k free), swap 0k(0k free)
Page Sizes: 4k

vm_info: OpenJDK 64-Bit Server VM (17.0.5+8-jvmci-22.3-b08) for linux-amd64 JRE (17.0.5+8-jvmci-22.3-b08), built on Oct 19 2022 09:01:27 by "buildslave" with gcc 10.3.0

END.
